2021-09-27 10:05:36.940  INFO 44232 --- [main] com.glcxw.avatar.MessageApplication      : The following profiles are active: dev
2021-09-27 10:05:37.354  WARN 44232 --- [main] o.m.s.mapper.ClassPathMapperScanner      : No MyBatis mapper was found in '[com.glcxw.*.mapper]' package. Please check your configuration.
2021-09-27 10:05:37.482  WARN 44232 --- [main] o.m.s.mapper.ClassPathMapperScanner      : No MyBatis mapper was found in '[com.glcxw.avatar]' package. Please check your configuration.
2021-09-27 10:05:37.525  INFO 44232 --- [main] .s.d.r.c.RepositoryConfigurationDelegate : Multiple Spring Data modules found, entering strict repository configuration mode!
2021-09-27 10:05:37.527  INFO 44232 --- [main] .s.d.r.c.RepositoryConfigurationDelegate : Bootstrapping Spring Data Redis repositories in DEFAULT mode.
2021-09-27 10:05:37.552  INFO 44232 --- [main] .s.d.r.c.RepositoryConfigurationDelegate : Finished Spring Data repository scanning in 13ms. Found 0 Redis repository interfaces.
2021-09-27 10:05:37.713  INFO 44232 --- [main] o.s.cloud.context.scope.GenericScope     : BeanFactory id=72d3f90b-4cc3-315b-b79f-bc22b4c18d3e
2021-09-27 10:05:37.773  INFO 44232 --- [main] trationDelegate$BeanPostProcessorChecker : Bean 'com.glcxw.avatar.pay.PayFeign' of type [org.springframework.cloud.openfeign.FeignClientFactoryBean] is not eligible for getting processed by all BeanPostProcessors (for example: not eligible for auto-proxying)
2021-09-27 10:05:38.084  INFO 44232 --- [main] o.s.b.w.embedded.tomcat.TomcatWebServer  : Tomcat initialized with port(s): 8005 (http)
2021-09-27 10:05:38.200  INFO 44232 --- [main] o.s.web.context.ContextLoader            : Root WebApplicationContext: initialization completed in 1238 ms
2021-09-27 10:05:38.949  INFO 44232 --- [main] c.n.c.sources.URLConfigurationSource     : URLs to be used as dynamic configuration source: [file:/E:/zhongruan/doc/%e6%a1%82%e6%9e%97%e5%87%ba%e8%a1%8c/PJ-202124-GLCXW/02_%e4%bb%a3%e7%a0%81%e5%8c%ba/cloud/glcxw-cloud/platform-cloud-service-message/target/classes/config.properties]
2021-09-27 10:05:38.957  INFO 44232 --- [main] c.n.c.sources.URLConfigurationSource     : URLs to be used as dynamic configuration source: [file:/E:/zhongruan/doc/%e6%a1%82%e6%9e%97%e5%87%ba%e8%a1%8c/PJ-202124-GLCXW/02_%e4%bb%a3%e7%a0%81%e5%8c%ba/cloud/glcxw-cloud/platform-cloud-service-message/target/classes/config.properties]
2021-09-27 10:05:39.081  INFO 44232 --- [main] o.s.s.concurrent.ThreadPoolTaskExecutor  : Initializing ExecutorService 'applicationTaskExecutor'
2021-09-27 10:05:40.677  INFO 44232 --- [main] o.s.cloud.commons.util.InetUtils         : Cannot determine local hostname
2021-09-27 10:05:40.684  INFO 44232 --- [main] o.s.s.c.ThreadPoolTaskScheduler          : Initializing ExecutorService 'Nacso-Watch-Task-Scheduler'
2021-09-27 10:05:40.847  INFO 44232 --- [main] com.zaxxer.hikari.HikariDataSource       : MyHikariCP - Starting...
2021-09-27 10:05:41.416  INFO 44232 --- [main] com.zaxxer.hikari.HikariDataSource       : MyHikariCP - Start completed.
2021-09-27 10:05:43.048  INFO 44232 --- [main] o.s.cloud.commons.util.InetUtils         : Cannot determine local hostname
2021-09-27 10:05:43.164  INFO 44232 --- [main] o.s.b.w.embedded.tomcat.TomcatWebServer  : Tomcat started on port(s): 8005 (http) with context path ''
2021-09-27 10:05:43.231  INFO 44232 --- [main] c.a.c.n.registry.NacosServiceRegistry    : nacos registry, DEFAULT_GROUP platform-cloud-service-message 172.18.20.153:8005 register finished
2021-09-27 10:05:44.759  INFO 44232 --- [main] o.s.cloud.commons.util.InetUtils         : Cannot determine local hostname
2021-09-27 10:05:44.765  INFO 44232 --- [main] com.glcxw.avatar.MessageApplication      : Started MessageApplication in 12.567 seconds (JVM running for 13.684)
2021-09-27 10:05:44.775  INFO 44232 --- [main] com.glcxw.avatar.MessageApplication      : message service start success
