2021-11-09 13:55:35.234  WARN 22764 --- [main] c.a.c.n.c.NacosPropertySourceBuilder     : Ignore the empty nacos configuration and get it based on dataId[glcxw-cloud-base] & group[DEFAULT_GROUP]
2021-11-09 13:55:35.306  WARN 22764 --- [main] c.a.c.n.c.NacosPropertySourceBuilder     : Ignore the empty nacos configuration and get it based on dataId[glcxw-cloud-base-dev.yml] & group[DEFAULT_GROUP]
2021-11-09 13:55:35.307  INFO 22764 --- [main] b.c.PropertySourceBootstrapConfiguration : Located property source: [BootstrapPropertySource {name='bootstrapProperties-glcxw-cloud-base-dev.yml,DEFAULT_GROUP'}, BootstrapPropertySource {name='bootstrapProperties-glcxw-cloud-base.yml,DEFAULT_GROUP'}, BootstrapPropertySource {name='bootstrapProperties-glcxw-cloud-base,DEFAULT_GROUP'}, BootstrapPropertySource {name='bootstrapProperties-application.yml,DEFAULT_GROUP'}]
2021-11-09 14:15:48.264  WARN 22536 --- [main] c.a.c.n.c.NacosPropertySourceBuilder     : Ignore the empty nacos configuration and get it based on dataId[glcxw-cloud-base] & group[DEFAULT_GROUP]
2021-11-09 14:15:48.322  WARN 22536 --- [main] c.a.c.n.c.NacosPropertySourceBuilder     : Ignore the empty nacos configuration and get it based on dataId[glcxw-cloud-base-dev.yml] & group[DEFAULT_GROUP]
2021-11-09 14:15:48.323  INFO 22536 --- [main] b.c.PropertySourceBootstrapConfiguration : Located property source: [BootstrapPropertySource {name='bootstrapProperties-glcxw-cloud-base-dev.yml,DEFAULT_GROUP'}, BootstrapPropertySource {name='bootstrapProperties-glcxw-cloud-base.yml,DEFAULT_GROUP'}, BootstrapPropertySource {name='bootstrapProperties-glcxw-cloud-base,DEFAULT_GROUP'}, BootstrapPropertySource {name='bootstrapProperties-application.yml,DEFAULT_GROUP'}]
2021-11-09 14:23:15.469  WARN 24492 --- [main] c.a.c.n.c.NacosPropertySourceBuilder     : Ignore the empty nacos configuration and get it based on dataId[glcxw-cloud-base] & group[DEFAULT_GROUP]
2021-11-09 14:23:15.528  WARN 24492 --- [main] c.a.c.n.c.NacosPropertySourceBuilder     : Ignore the empty nacos configuration and get it based on dataId[glcxw-cloud-base-dev.yml] & group[DEFAULT_GROUP]
2021-11-09 14:23:15.529  INFO 24492 --- [main] b.c.PropertySourceBootstrapConfiguration : Located property source: [BootstrapPropertySource {name='bootstrapProperties-glcxw-cloud-base-dev.yml,DEFAULT_GROUP'}, BootstrapPropertySource {name='bootstrapProperties-glcxw-cloud-base.yml,DEFAULT_GROUP'}, BootstrapPropertySource {name='bootstrapProperties-glcxw-cloud-base,DEFAULT_GROUP'}, BootstrapPropertySource {name='bootstrapProperties-application.yml,DEFAULT_GROUP'}]
2021-11-09 14:23:24.125  INFO 24492 --- [main] o.s.a.r.c.CachingConnectionFactory       : Attempting to connect to: [59.110.159.219:5672]
2021-11-09 14:23:24.297  INFO 24492 --- [main] o.s.a.r.c.CachingConnectionFactory       : Created new connection: rabbitConnectionFactory#13004dd8:0/SimpleConnection@4fa5cc73 [delegate=amqp://yadea@59.110.159.219:5672/, localPort= 53784]
2021-11-09 14:23:24.404  INFO 24492 --- [main] o.s.c.s.m.DirectWithAttributesChannel    : Channel 'glcxw-cloud-base-1.myOutput' has 1 subscriber(s).
2021-11-09 14:23:24.422  INFO 24492 --- [main] c.s.b.r.p.RabbitExchangeQueueProvisioner : declaring queue for inbound: topic_test1.stream, bound to: topic_test1
2021-11-09 14:23:24.554  INFO 24492 --- [main] o.s.c.stream.binder.BinderErrorChannel   : Channel 'topic_test1.stream.errors' has 1 subscriber(s).
2021-11-09 14:23:24.554  INFO 24492 --- [main] o.s.c.stream.binder.BinderErrorChannel   : Channel 'topic_test1.stream.errors' has 2 subscriber(s).
2021-11-09 14:23:24.688  INFO 24492 --- [main] o.s.i.a.i.AmqpInboundChannelAdapter      : started bean 'inbound.topic_test1.stream'
2021-11-09 14:23:24.727  INFO 24492 --- [main] o.s.b.w.embedded.tomcat.TomcatWebServer  : Tomcat started on port(s): 8001 (http) with context path ''
2021-11-09 14:23:24.952  INFO 24492 --- [main] c.a.c.n.registry.NacosServiceRegistry    : nacos registry, DEFAULT_GROUP platform-cloud-base 172.18.20.153:8001 register finished
2021-11-09 14:23:26.444  INFO 24492 --- [main] o.s.cloud.commons.util.InetUtils         : Cannot determine local hostname
2021-11-09 14:23:26.445  INFO 24492 --- [main] com.glcxw.base.BaseApplication           : Started BaseApplication in 15.298 seconds (JVM running for 16.359)
2021-11-09 14:23:26.446  INFO 24492 --- [main] com.glcxw.base.BaseApplication           : base service start success
2021-11-09 14:29:21.865  WARN 2348 --- [main] c.a.c.n.c.NacosPropertySourceBuilder     : Ignore the empty nacos configuration and get it based on dataId[glcxw-cloud-base] & group[DEFAULT_GROUP]
2021-11-09 14:29:21.926  WARN 2348 --- [main] c.a.c.n.c.NacosPropertySourceBuilder     : Ignore the empty nacos configuration and get it based on dataId[glcxw-cloud-base-dev.yml] & group[DEFAULT_GROUP]
2021-11-09 14:29:21.928  INFO 2348 --- [main] b.c.PropertySourceBootstrapConfiguration : Located property source: [BootstrapPropertySource {name='bootstrapProperties-glcxw-cloud-base-dev.yml,DEFAULT_GROUP'}, BootstrapPropertySource {name='bootstrapProperties-glcxw-cloud-base.yml,DEFAULT_GROUP'}, BootstrapPropertySource {name='bootstrapProperties-glcxw-cloud-base,DEFAULT_GROUP'}, BootstrapPropertySource {name='bootstrapProperties-application.yml,DEFAULT_GROUP'}]
2021-11-09 14:29:30.348  INFO 2348 --- [main] o.s.a.r.c.CachingConnectionFactory       : Attempting to connect to: [59.110.159.219:5672]
2021-11-09 14:29:30.491  INFO 2348 --- [main] o.s.a.r.c.CachingConnectionFactory       : Created new connection: rabbitConnectionFactory#5d1a859c:0/SimpleConnection@3f3c5ecd [delegate=amqp://yadea@59.110.159.219:5672/, localPort= 54008]
2021-11-09 14:29:30.577  INFO 2348 --- [main] o.s.c.s.m.DirectWithAttributesChannel    : Channel 'glcxw-cloud-base-1.myOutput' has 1 subscriber(s).
2021-11-09 14:29:30.595  INFO 2348 --- [main] c.s.b.r.p.RabbitExchangeQueueProvisioner : declaring queue for inbound: topic_test1.stream, bound to: topic_test1
2021-11-09 14:29:30.715  INFO 2348 --- [main] o.s.c.stream.binder.BinderErrorChannel   : Channel 'topic_test1.stream.errors' has 1 subscriber(s).
2021-11-09 14:29:30.715  INFO 2348 --- [main] o.s.c.stream.binder.BinderErrorChannel   : Channel 'topic_test1.stream.errors' has 2 subscriber(s).
2021-11-09 14:29:30.820  INFO 2348 --- [main] o.s.i.a.i.AmqpInboundChannelAdapter      : started bean 'inbound.topic_test1.stream'
2021-11-09 14:29:30.858  INFO 2348 --- [main] o.s.b.w.embedded.tomcat.TomcatWebServer  : Tomcat started on port(s): 8001 (http) with context path ''
2021-11-09 14:29:31.071  INFO 2348 --- [main] c.a.c.n.registry.NacosServiceRegistry    : nacos registry, DEFAULT_GROUP platform-cloud-base 172.18.20.153:8001 register finished
2021-11-09 14:29:32.595  INFO 2348 --- [main] o.s.cloud.commons.util.InetUtils         : Cannot determine local hostname
2021-11-09 14:29:32.597  INFO 2348 --- [main] com.glcxw.base.BaseApplication           : Started BaseApplication in 15.127 seconds (JVM running for 16.115)
2021-11-09 14:29:32.598  INFO 2348 --- [main] com.glcxw.base.BaseApplication           : base service start success
2021-11-09 14:29:57.889  INFO 2348 --- [http-nio-8001-exec-1] o.s.web.servlet.DispatcherServlet        : Initializing Servlet 'dispatcherServlet'
2021-11-09 14:29:57.897  INFO 2348 --- [http-nio-8001-exec-1] o.s.web.servlet.DispatcherServlet        : Completed initialization in 6 ms
2021-11-09 14:29:57.933  INFO 2348 --- [http-nio-8001-exec-1] o.s.a.r.c.CachingConnectionFactory       : Attempting to connect to: [59.110.159.219:5672]
2021-11-09 14:29:58.054  INFO 2348 --- [http-nio-8001-exec-1] o.s.a.r.c.CachingConnectionFactory       : Created new connection: rabbitConnectionFactory.publisher#d6e5791:0/SimpleConnection@28741fe9 [delegate=amqp://yadea@59.110.159.219:5672/, localPort= 54041]
2021-11-09 14:29:58.555  INFO 2348 --- [http-nio-8001-exec-1] io.lettuce.core.EpollProvider            : Starting without optional epoll library
2021-11-09 14:29:58.556  INFO 2348 --- [http-nio-8001-exec-1] io.lettuce.core.KqueueProvider           : Starting without optional kqueue library
2021-11-09 14:30:01.368  WARN 2348 --- [http-nio-8001-exec-1] .m.m.a.ExceptionHandlerExceptionResolver : Failure in @ExceptionHandler com.glcxw.avatar.exception.handle.ApplicationAdviceHandle#exceptionHandle(ApplicationException, HttpServletResponse)

java.lang.IllegalStateException: Could not resolve parameter [0] in public com.glcxw.avatar.exception.ApplicationException com.glcxw.avatar.exception.handle.ApplicationAdviceHandle.exceptionHandle(com.glcxw.avatar.exception.ApplicationException,javax.servlet.http.HttpServletResponse): No suitable resolver
	at org.springframework.web.method.support.InvocableHandlerMethod.getMethodArgumentValues(InvocableHandlerMethod.java:164)
	at org.springframework.web.method.support.InvocableHandlerMethod.invokeForRequest(InvocableHandlerMethod.java:134)
	at org.springframework.web.servlet.mvc.method.annotation.ServletInvocableHandlerMethod.invokeAndHandle(ServletInvocableHandlerMethod.java:106)
	at org.springframework.web.servlet.mvc.method.annotation.ExceptionHandlerExceptionResolver.doResolveHandlerMethodException(ExceptionHandlerExceptionResolver.java:403)
	at org.springframework.web.servlet.handler.AbstractHandlerMethodExceptionResolver.doResolveException(AbstractHandlerMethodExceptionResolver.java:61)
	at org.springframework.web.servlet.handler.AbstractHandlerExceptionResolver.resolveException(AbstractHandlerExceptionResolver.java:141)
	at org.springframework.web.servlet.handler.HandlerExceptionResolverComposite.resolveException(HandlerExceptionResolverComposite.java:80)
	at org.springframework.web.servlet.DispatcherServlet.processHandlerException(DispatcherServlet.java:1300)
	at org.springframework.web.servlet.DispatcherServlet.processDispatchResult(DispatcherServlet.java:1111)
	at org.springframework.web.servlet.DispatcherServlet.doDispatch(DispatcherServlet.java:1057)
	at org.springframework.web.servlet.DispatcherServlet.doService(DispatcherServlet.java:943)
	at org.springframework.web.servlet.FrameworkServlet.processRequest(FrameworkServlet.java:1006)
	at org.springframework.web.servlet.FrameworkServlet.doGet(FrameworkServlet.java:898)
	at javax.servlet.http.HttpServlet.service(HttpServlet.java:634)
	at org.springframework.web.servlet.FrameworkServlet.service(FrameworkServlet.java:883)
	at javax.servlet.http.HttpServlet.service(HttpServlet.java:741)
	at org.apache.catalina.core.ApplicationFilterChain.internalDoFilter(ApplicationFilterChain.java:231)
	at org.apache.catalina.core.ApplicationFilterChain.doFilter(ApplicationFilterChain.java:166)
	at org.apache.tomcat.websocket.server.WsFilter.doFilter(WsFilter.java:53)
	at org.apache.catalina.core.ApplicationFilterChain.internalDoFilter(ApplicationFilterChain.java:193)
	at org.apache.catalina.core.ApplicationFilterChain.doFilter(ApplicationFilterChain.java:166)
	at com.glcxw.avatar.strategy.VersionStrategyFilter.doFilterInternal(VersionStrategyFilter.java:39)
	at com.glcxw.avatar.security.filter.OncePerRequestFilter.doFilter(OncePerRequestFilter.java:44)
	at org.apache.catalina.core.ApplicationFilterChain.internalDoFilter(ApplicationFilterChain.java:193)
	at org.apache.catalina.core.ApplicationFilterChain.doFilter(ApplicationFilterChain.java:166)
	at com.glcxw.avatar.security.filter.AccessAuthFilter.doFilterInternal(AccessAuthFilter.java:51)
	at com.glcxw.avatar.security.filter.OncePerRequestFilter.doFilter(OncePerRequestFilter.java:44)
	at org.apache.catalina.core.ApplicationFilterChain.internalDoFilter(ApplicationFilterChain.java:193)
	at org.apache.catalina.core.ApplicationFilterChain.doFilter(ApplicationFilterChain.java:166)
	at com.glcxw.avatar.security.filter.BearerAuthenticationFilter.doFilterInternal(BearerAuthenticationFilter.java:66)
	at com.glcxw.avatar.security.filter.OncePerRequestFilter.doFilter(OncePerRequestFilter.java:44)
	at org.apache.catalina.core.ApplicationFilterChain.internalDoFilter(ApplicationFilterChain.java:193)
	at org.apache.catalina.core.ApplicationFilterChain.doFilter(ApplicationFilterChain.java:166)
	at com.glcxw.avatar.security.filter.SecurityPretreatmentFilter.doFilterInternal(SecurityPretreatmentFilter.java:38)
	at com.glcxw.avatar.security.filter.OncePerRequestFilter.doFilter(OncePerRequestFilter.java:44)
	at org.apache.catalina.core.ApplicationFilterChain.internalDoFilter(ApplicationFilterChain.java:193)
	at org.apache.catalina.core.ApplicationFilterChain.doFilter(ApplicationFilterChain.java:166)
	at org.springframework.web.filter.RequestContextFilter.doFilterInternal(RequestContextFilter.java:100)
	at org.springframework.web.filter.OncePerRequestFilter.doFilter(OncePerRequestFilter.java:119)
	at org.apache.catalina.core.ApplicationFilterChain.internalDoFilter(ApplicationFilterChain.java:193)
	at org.apache.catalina.core.ApplicationFilterChain.doFilter(ApplicationFilterChain.java:166)
	at org.springframework.web.filter.FormContentFilter.doFilterInternal(FormContentFilter.java:93)
	at org.springframework.web.filter.OncePerRequestFilter.doFilter(OncePerRequestFilter.java:119)
	at org.apache.catalina.core.ApplicationFilterChain.internalDoFilter(ApplicationFilterChain.java:193)
	at org.apache.catalina.core.ApplicationFilterChain.doFilter(ApplicationFilterChain.java:166)
	at org.springframework.web.filter.CharacterEncodingFilter.doFilterInternal(CharacterEncodingFilter.java:201)
	at org.springframework.web.filter.OncePerRequestFilter.doFilter(OncePerRequestFilter.java:119)
	at org.apache.catalina.core.ApplicationFilterChain.internalDoFilter(ApplicationFilterChain.java:193)
	at org.apache.catalina.core.ApplicationFilterChain.doFilter(ApplicationFilterChain.java:166)
	at org.apache.catalina.core.StandardWrapperValve.invoke(StandardWrapperValve.java:202)
	at org.apache.catalina.core.StandardContextValve.invoke(StandardContextValve.java:96)
	at org.apache.catalina.authenticator.AuthenticatorBase.invoke(AuthenticatorBase.java:541)
	at org.apache.catalina.core.StandardHostValve.invoke(StandardHostValve.java:139)
	at org.apache.catalina.valves.ErrorReportValve.invoke(ErrorReportValve.java:92)
	at org.apache.catalina.core.StandardEngineValve.invoke(StandardEngineValve.java:74)
	at org.apache.catalina.connector.CoyoteAdapter.service(CoyoteAdapter.java:343)
	at org.apache.coyote.http11.Http11Processor.service(Http11Processor.java:367)
	at org.apache.coyote.AbstractProcessorLight.process(AbstractProcessorLight.java:65)
	at org.apache.coyote.AbstractProtocol$ConnectionHandler.process(AbstractProtocol.java:868)
	at org.apache.tomcat.util.net.NioEndpoint$SocketProcessor.doRun(NioEndpoint.java:1639)
	at org.apache.tomcat.util.net.SocketProcessorBase.run(SocketProcessorBase.java:49)
	at java.util.concurrent.ThreadPoolExecutor.runWorker(ThreadPoolExecutor.java:1149)
	at java.util.concurrent.ThreadPoolExecutor$Worker.run(ThreadPoolExecutor.java:624)
	at org.apache.tomcat.util.threads.TaskThread$WrappingRunnable.run(TaskThread.java:61)
	at java.lang.Thread.run(Thread.java:748)

2021-11-09 14:30:01.376 ERROR 2348 --- [http-nio-8001-exec-1] c.g.a.strategy.VersionStrategyFilter     : auth error : [{}]

org.springframework.web.util.NestedServletException: Request processing failed; nested exception is org.springframework.data.redis.RedisConnectionFailureException: Unable to connect to Redis; nested exception is io.lettuce.core.RedisConnectionException: Unable to connect to www.xiaofeizhu.vip:6379
	at org.springframework.web.servlet.FrameworkServlet.processRequest(FrameworkServlet.java:1014)
	at org.springframework.web.servlet.FrameworkServlet.doGet(FrameworkServlet.java:898)
	at javax.servlet.http.HttpServlet.service(HttpServlet.java:634)
	at org.springframework.web.servlet.FrameworkServlet.service(FrameworkServlet.java:883)
	at javax.servlet.http.HttpServlet.service(HttpServlet.java:741)
	at org.apache.catalina.core.ApplicationFilterChain.internalDoFilter(ApplicationFilterChain.java:231)
	at org.apache.catalina.core.ApplicationFilterChain.doFilter(ApplicationFilterChain.java:166)
	at org.apache.tomcat.websocket.server.WsFilter.doFilter(WsFilter.java:53)
	at org.apache.catalina.core.ApplicationFilterChain.internalDoFilter(ApplicationFilterChain.java:193)
	at org.apache.catalina.core.ApplicationFilterChain.doFilter(ApplicationFilterChain.java:166)
	at com.glcxw.avatar.strategy.VersionStrategyFilter.doFilterInternal(VersionStrategyFilter.java:39)
	at com.glcxw.avatar.security.filter.OncePerRequestFilter.doFilter(OncePerRequestFilter.java:44)
	at org.apache.catalina.core.ApplicationFilterChain.internalDoFilter(ApplicationFilterChain.java:193)
	at org.apache.catalina.core.ApplicationFilterChain.doFilter(ApplicationFilterChain.java:166)
	at com.glcxw.avatar.security.filter.AccessAuthFilter.doFilterInternal(AccessAuthFilter.java:51)
	at com.glcxw.avatar.security.filter.OncePerRequestFilter.doFilter(OncePerRequestFilter.java:44)
	at org.apache.catalina.core.ApplicationFilterChain.internalDoFilter(ApplicationFilterChain.java:193)
	at org.apache.catalina.core.ApplicationFilterChain.doFilter(ApplicationFilterChain.java:166)
	at com.glcxw.avatar.security.filter.BearerAuthenticationFilter.doFilterInternal(BearerAuthenticationFilter.java:66)
	at com.glcxw.avatar.security.filter.OncePerRequestFilter.doFilter(OncePerRequestFilter.java:44)
	at org.apache.catalina.core.ApplicationFilterChain.internalDoFilter(ApplicationFilterChain.java:193)
	at org.apache.catalina.core.ApplicationFilterChain.doFilter(ApplicationFilterChain.java:166)
	at com.glcxw.avatar.security.filter.SecurityPretreatmentFilter.doFilterInternal(SecurityPretreatmentFilter.java:38)
	at com.glcxw.avatar.security.filter.OncePerRequestFilter.doFilter(OncePerRequestFilter.java:44)
	at org.apache.catalina.core.ApplicationFilterChain.internalDoFilter(ApplicationFilterChain.java:193)
	at org.apache.catalina.core.ApplicationFilterChain.doFilter(ApplicationFilterChain.java:166)
	at org.springframework.web.filter.RequestContextFilter.doFilterInternal(RequestContextFilter.java:100)
	at org.springframework.web.filter.OncePerRequestFilter.doFilter(OncePerRequestFilter.java:119)
	at org.apache.catalina.core.ApplicationFilterChain.internalDoFilter(ApplicationFilterChain.java:193)
	at org.apache.catalina.core.ApplicationFilterChain.doFilter(ApplicationFilterChain.java:166)
	at org.springframework.web.filter.FormContentFilter.doFilterInternal(FormContentFilter.java:93)
	at org.springframework.web.filter.OncePerRequestFilter.doFilter(OncePerRequestFilter.java:119)
	at org.apache.catalina.core.ApplicationFilterChain.internalDoFilter(ApplicationFilterChain.java:193)
	at org.apache.catalina.core.ApplicationFilterChain.doFilter(ApplicationFilterChain.java:166)
	at org.springframework.web.filter.CharacterEncodingFilter.doFilterInternal(CharacterEncodingFilter.java:201)
	at org.springframework.web.filter.OncePerRequestFilter.doFilter(OncePerRequestFilter.java:119)
	at org.apache.catalina.core.ApplicationFilterChain.internalDoFilter(ApplicationFilterChain.java:193)
	at org.apache.catalina.core.ApplicationFilterChain.doFilter(ApplicationFilterChain.java:166)
	at org.apache.catalina.core.StandardWrapperValve.invoke(StandardWrapperValve.java:202)
	at org.apache.catalina.core.StandardContextValve.invoke(StandardContextValve.java:96)
	at org.apache.catalina.authenticator.AuthenticatorBase.invoke(AuthenticatorBase.java:541)
	at org.apache.catalina.core.StandardHostValve.invoke(StandardHostValve.java:139)
	at org.apache.catalina.valves.ErrorReportValve.invoke(ErrorReportValve.java:92)
	at org.apache.catalina.core.StandardEngineValve.invoke(StandardEngineValve.java:74)
	at org.apache.catalina.connector.CoyoteAdapter.service(CoyoteAdapter.java:343)
	at org.apache.coyote.http11.Http11Processor.service(Http11Processor.java:367)
	at org.apache.coyote.AbstractProcessorLight.process(AbstractProcessorLight.java:65)
	at org.apache.coyote.AbstractProtocol$ConnectionHandler.process(AbstractProtocol.java:868)
	at org.apache.tomcat.util.net.NioEndpoint$SocketProcessor.doRun(NioEndpoint.java:1639)
	at org.apache.tomcat.util.net.SocketProcessorBase.run(SocketProcessorBase.java:49)
	at java.util.concurrent.ThreadPoolExecutor.runWorker(ThreadPoolExecutor.java:1149)
	at java.util.concurrent.ThreadPoolExecutor$Worker.run(ThreadPoolExecutor.java:624)
	at org.apache.tomcat.util.threads.TaskThread$WrappingRunnable.run(TaskThread.java:61)
	at java.lang.Thread.run(Thread.java:748)
Caused by: org.springframework.data.redis.RedisConnectionFailureException: Unable to connect to Redis; nested exception is io.lettuce.core.RedisConnectionException: Unable to connect to www.xiaofeizhu.vip:6379
	at org.springframework.data.redis.connection.lettuce.LettuceConnectionFactory$SharedConnection.getNativeConnection(LettuceConnectionFactory.java:1199)
	at org.springframework.data.redis.connection.lettuce.LettuceConnectionFactory$SharedConnection.getConnection(LettuceConnectionFactory.java:1178)
	at org.springframework.data.redis.connection.lettuce.LettuceConnectionFactory.getSharedConnection(LettuceConnectionFactory.java:942)
	at org.springframework.data.redis.connection.lettuce.LettuceConnectionFactory.getConnection(LettuceConnectionFactory.java:353)
	at org.springframework.data.redis.core.RedisConnectionUtils.doGetConnection(RedisConnectionUtils.java:134)
	at org.springframework.data.redis.core.RedisConnectionUtils.getConnection(RedisConnectionUtils.java:97)
	at org.springframework.data.redis.core.RedisConnectionUtils.getConnection(RedisConnectionUtils.java:84)
	at org.springframework.data.redis.core.RedisTemplate.execute(RedisTemplate.java:215)
	at org.springframework.data.redis.core.RedisTemplate.execute(RedisTemplate.java:188)
	at org.springframework.data.redis.core.AbstractOperations.execute(AbstractOperations.java:96)
	at org.springframework.data.redis.core.DefaultValueOperations.set(DefaultValueOperations.java:256)
	at com.glcxw.avatar.security.token.service.RedisAccessTokenStore.storeAuthentication(RedisAccessTokenStore.java:36)
	at com.glcxw.avatar.security.token.service.DefaultAccessTokenServices.createAccessToken(DefaultAccessTokenServices.java:89)
	at com.glcxw.avatar.security.token.service.DefaultAccessTokenServices.createAccessToken(DefaultAccessTokenServices.java:65)
	at com.glcxw.base.controller.TestController.test(TestController.java:68)
	at sun.reflect.NativeMethodAccessorImpl.invoke0(Native Method)
	at sun.reflect.NativeMethodAccessorImpl.invoke(NativeMethodAccessorImpl.java:62)
	at sun.reflect.DelegatingMethodAccessorImpl.invoke(DelegatingMethodAccessorImpl.java:43)
	at java.lang.reflect.Method.invoke(Method.java:498)
	at org.springframework.web.method.support.InvocableHandlerMethod.doInvoke(InvocableHandlerMethod.java:190)
	at org.springframework.web.method.support.InvocableHandlerMethod.invokeForRequest(InvocableHandlerMethod.java:138)
	at org.springframework.web.servlet.mvc.method.annotation.ServletInvocableHandlerMethod.invokeAndHandle(ServletInvocableHandlerMethod.java:106)
	at org.springframework.web.servlet.mvc.method.annotation.RequestMappingHandlerAdapter.invokeHandlerMethod(RequestMappingHandlerAdapter.java:879)
	at org.springframework.web.servlet.mvc.method.annotation.RequestMappingHandlerAdapter.handleInternal(RequestMappingHandlerAdapter.java:793)
	at org.springframework.web.servlet.mvc.method.AbstractHandlerMethodAdapter.handle(AbstractHandlerMethodAdapter.java:87)
	at org.springframework.web.servlet.DispatcherServlet.doDispatch(DispatcherServlet.java:1040)
	at org.springframework.web.servlet.DispatcherServlet.doService(DispatcherServlet.java:943)
	at org.springframework.web.servlet.FrameworkServlet.processRequest(FrameworkServlet.java:1006)
	... 53 common frames omitted
Caused by: io.lettuce.core.RedisConnectionException: Unable to connect to www.xiaofeizhu.vip:6379
	at io.lettuce.core.RedisConnectionException.create(RedisConnectionException.java:78)
	at io.lettuce.core.RedisConnectionException.create(RedisConnectionException.java:56)
	at io.lettuce.core.AbstractRedisClient.getConnection(AbstractRedisClient.java:234)
	at io.lettuce.core.RedisClient.connect(RedisClient.java:207)
	at org.springframework.data.redis.connection.lettuce.StandaloneConnectionProvider.lambda$getConnection$1(StandaloneConnectionProvider.java:115)
	at java.util.Optional.orElseGet(Optional.java:267)
	at org.springframework.data.redis.connection.lettuce.StandaloneConnectionProvider.getConnection(StandaloneConnectionProvider.java:115)
	at org.springframework.data.redis.connection.lettuce.LettuceConnectionFactory$SharedConnection.getNativeConnection(LettuceConnectionFactory.java:1197)
	... 80 common frames omitted
Caused by: io.netty.channel.AbstractChannel$AnnotatedConnectException: Connection refused: no further information: www.xiaofeizhu.vip/101.34.243.232:6379
Caused by: java.net.ConnectException: Connection refused: no further information
	at sun.nio.ch.SocketChannelImpl.checkConnect(Native Method)
	at sun.nio.ch.SocketChannelImpl.finishConnect(SocketChannelImpl.java:717)
	at io.netty.channel.socket.nio.NioSocketChannel.doFinishConnect(NioSocketChannel.java:330)
	at io.netty.channel.nio.AbstractNioChannel$AbstractNioUnsafe.finishConnect(AbstractNioChannel.java:334)
	at io.netty.channel.nio.NioEventLoop.processSelectedKey(NioEventLoop.java:702)
	at io.netty.channel.nio.NioEventLoop.processSelectedKeysOptimized(NioEventLoop.java:650)
	at io.netty.channel.nio.NioEventLoop.processSelectedKeys(NioEventLoop.java:576)
	at io.netty.channel.nio.NioEventLoop.run(NioEventLoop.java:493)
	at io.netty.util.concurrent.SingleThreadEventExecutor$4.run(SingleThreadEventExecutor.java:989)
	at io.netty.util.internal.ThreadExecutorMap$2.run(ThreadExecutorMap.java:74)
	at io.netty.util.concurrent.FastThreadLocalRunnable.run(FastThreadLocalRunnable.java:30)
	at java.lang.Thread.run(Thread.java:748)

2021-11-09 14:34:49.715  WARN 20832 --- [main] c.a.c.n.c.NacosPropertySourceBuilder     : Ignore the empty nacos configuration and get it based on dataId[glcxw-cloud-base] & group[DEFAULT_GROUP]
2021-11-09 14:34:49.773  WARN 20832 --- [main] c.a.c.n.c.NacosPropertySourceBuilder     : Ignore the empty nacos configuration and get it based on dataId[glcxw-cloud-base-dev.yml] & group[DEFAULT_GROUP]
2021-11-09 14:34:49.775  INFO 20832 --- [main] b.c.PropertySourceBootstrapConfiguration : Located property source: [BootstrapPropertySource {name='bootstrapProperties-glcxw-cloud-base-dev.yml,DEFAULT_GROUP'}, BootstrapPropertySource {name='bootstrapProperties-glcxw-cloud-base.yml,DEFAULT_GROUP'}, BootstrapPropertySource {name='bootstrapProperties-glcxw-cloud-base,DEFAULT_GROUP'}, BootstrapPropertySource {name='bootstrapProperties-application.yml,DEFAULT_GROUP'}]
2021-11-09 14:34:58.056  INFO 20832 --- [main] o.s.a.r.c.CachingConnectionFactory       : Attempting to connect to: [59.110.159.219:5672]
2021-11-09 14:34:58.198  INFO 20832 --- [main] o.s.a.r.c.CachingConnectionFactory       : Created new connection: rabbitConnectionFactory#5d601832:0/SimpleConnection@41be8db9 [delegate=amqp://yadea@59.110.159.219:5672/, localPort= 54249]
2021-11-09 14:34:58.361  INFO 20832 --- [main] o.s.c.s.m.DirectWithAttributesChannel    : Channel 'glcxw-cloud-base-1.myOutput' has 1 subscriber(s).
2021-11-09 14:34:58.379  INFO 20832 --- [main] c.s.b.r.p.RabbitExchangeQueueProvisioner : declaring queue for inbound: topic_test1.stream, bound to: topic_test1
2021-11-09 14:34:58.481  INFO 20832 --- [main] o.s.c.stream.binder.BinderErrorChannel   : Channel 'topic_test1.stream.errors' has 1 subscriber(s).
2021-11-09 14:34:58.481  INFO 20832 --- [main] o.s.c.stream.binder.BinderErrorChannel   : Channel 'topic_test1.stream.errors' has 2 subscriber(s).
2021-11-09 14:34:58.604  INFO 20832 --- [main] o.s.i.a.i.AmqpInboundChannelAdapter      : started bean 'inbound.topic_test1.stream'
2021-11-09 14:34:58.796  INFO 20832 --- [main] o.s.b.w.embedded.tomcat.TomcatWebServer  : Tomcat started on port(s): 8001 (http) with context path ''
2021-11-09 14:34:58.884  INFO 20832 --- [main] c.a.c.n.registry.NacosServiceRegistry    : nacos registry, DEFAULT_GROUP platform-cloud-base 172.18.20.153:8001 register finished
2021-11-09 14:35:00.380  INFO 20832 --- [main] o.s.cloud.commons.util.InetUtils         : Cannot determine local hostname
2021-11-09 14:35:00.383  INFO 20832 --- [main] com.glcxw.base.BaseApplication           : Started BaseApplication in 14.908 seconds (JVM running for 15.94)
2021-11-09 14:35:00.384  INFO 20832 --- [main] com.glcxw.base.BaseApplication           : base service start success
2021-11-09 14:35:20.292  INFO 20832 --- [http-nio-8001-exec-1] o.s.web.servlet.DispatcherServlet        : Initializing Servlet 'dispatcherServlet'
2021-11-09 14:35:20.299  INFO 20832 --- [http-nio-8001-exec-1] o.s.web.servlet.DispatcherServlet        : Completed initialization in 6 ms
2021-11-09 14:35:20.333  INFO 20832 --- [http-nio-8001-exec-1] o.s.a.r.c.CachingConnectionFactory       : Attempting to connect to: [59.110.159.219:5672]
2021-11-09 14:35:20.474  INFO 20832 --- [http-nio-8001-exec-1] o.s.a.r.c.CachingConnectionFactory       : Created new connection: rabbitConnectionFactory.publisher#1e5cfba1:0/SimpleConnection@1f060751 [delegate=amqp://yadea@59.110.159.219:5672/, localPort= 54269]
2021-11-09 14:35:21.007  INFO 20832 --- [http-nio-8001-exec-1] io.lettuce.core.EpollProvider            : Starting without optional epoll library
2021-11-09 14:35:21.008  INFO 20832 --- [http-nio-8001-exec-1] io.lettuce.core.KqueueProvider           : Starting without optional kqueue library
2021-11-09 14:35:23.817 ERROR 20832 --- [topic_test1.stream-1] o.s.integration.handler.LoggingHandler   : org.springframework.messaging.MessageDeliveryException: Dispatcher has no subscribers for channel 'glcxw-cloud-base-1.myInput'.; nested exception is org.springframework.integration.MessageDispatchingException: Dispatcher has no subscribers, failedMessage=GenericMessage [payload=byte[71], headers={amqp_receivedDeliveryMode=PERSISTENT, amqp_receivedExchange=topic_test1, amqp_deliveryTag=1, deliveryAttempt=3, amqp_consumerQueue=topic_test1.stream, amqp_redelivered=false, amqp_receivedRoutingKey=topic_test1, amqp_timestamp=Tue Nov 09 14:35:20 CST 2021, amqp_messageId=0f3b444a-d4f8-b13a-ded1-e550b8de3a43, id=f326ae4a-e751-6425-5ca2-75b89e1af855, amqp_consumerTag=amq.ctag-4FjSdZgRKURVTacrbCf54w, sourceData=(Body:'{"headUrl":"11","name":"11","number":"33","phone":"11","username":"11"}' MessageProperties [headers={}, timestamp=Tue Nov 09 14:35:20 CST 2021, messageId=0f3b444a-d4f8-b13a-ded1-e550b8de3a43, contentType=application/json, contentLength=0, receivedDeliveryMode=PERSISTENT, priority=0, redelivered=false, receivedExchange=topic_test1, receivedRoutingKey=topic_test1, deliveryTag=1, consumerTag=amq.ctag-4FjSdZgRKURVTacrbCf54w, consumerQueue=topic_test1.stream]), contentType=application/json, timestamp=1636439720800}], failedMessage=GenericMessage [payload=byte[71], headers={amqp_receivedDeliveryMode=PERSISTENT, amqp_receivedExchange=topic_test1, amqp_deliveryTag=1, deliveryAttempt=3, amqp_consumerQueue=topic_test1.stream, amqp_redelivered=false, amqp_receivedRoutingKey=topic_test1, amqp_timestamp=Tue Nov 09 14:35:20 CST 2021, amqp_messageId=0f3b444a-d4f8-b13a-ded1-e550b8de3a43, id=f326ae4a-e751-6425-5ca2-75b89e1af855, amqp_consumerTag=amq.ctag-4FjSdZgRKURVTacrbCf54w, sourceData=(Body:'{"headUrl":"11","name":"11","number":"33","phone":"11","username":"11"}' MessageProperties [headers={}, timestamp=Tue Nov 09 14:35:20 CST 2021, messageId=0f3b444a-d4f8-b13a-ded1-e550b8de3a43, contentType=application/json, contentLength=0, receivedDeliveryMode=PERSISTENT, priority=0, redelivered=false, receivedExchange=topic_test1, receivedRoutingKey=topic_test1, deliveryTag=1, consumerTag=amq.ctag-4FjSdZgRKURVTacrbCf54w, consumerQueue=topic_test1.stream]), contentType=application/json, timestamp=1636439720800}]
	at org.springframework.integration.channel.AbstractSubscribableChannel.doSend(AbstractSubscribableChannel.java:77)
	at org.springframework.integration.channel.AbstractMessageChannel.send(AbstractMessageChannel.java:453)
	at org.springframework.integration.channel.AbstractMessageChannel.send(AbstractMessageChannel.java:403)
	at org.springframework.messaging.core.GenericMessagingTemplate.doSend(GenericMessagingTemplate.java:187)
	at org.springframework.messaging.core.GenericMessagingTemplate.doSend(GenericMessagingTemplate.java:166)
	at org.springframework.messaging.core.GenericMessagingTemplate.doSend(GenericMessagingTemplate.java:47)
	at org.springframework.messaging.core.AbstractMessageSendingTemplate.send(AbstractMessageSendingTemplate.java:109)
	at org.springframework.integration.endpoint.MessageProducerSupport.sendMessage(MessageProducerSupport.java:198)
	at org.springframework.integration.amqp.inbound.AmqpInboundChannelAdapter.access$1300(AmqpInboundChannelAdapter.java:61)
	at org.springframework.integration.amqp.inbound.AmqpInboundChannelAdapter$Listener.lambda$onMessage$0(AmqpInboundChannelAdapter.java:239)
	at org.springframework.retry.support.RetryTemplate.doExecute(RetryTemplate.java:287)
	at org.springframework.retry.support.RetryTemplate.execute(RetryTemplate.java:180)
	at org.springframework.integration.amqp.inbound.AmqpInboundChannelAdapter$Listener.onMessage(AmqpInboundChannelAdapter.java:236)
	at org.springframework.amqp.rabbit.listener.AbstractMessageListenerContainer.doInvokeListener(AbstractMessageListenerContainer.java:1579)
	at org.springframework.amqp.rabbit.listener.AbstractMessageListenerContainer.actualInvokeListener(AbstractMessageListenerContainer.java:1498)
	at org.springframework.amqp.rabbit.listener.AbstractMessageListenerContainer.invokeListener(AbstractMessageListenerContainer.java:1486)
	at org.springframework.amqp.rabbit.listener.AbstractMessageListenerContainer.doExecuteListener(AbstractMessageListenerContainer.java:1477)
	at org.springframework.amqp.rabbit.listener.AbstractMessageListenerContainer.executeListener(AbstractMessageListenerContainer.java:1421)
	at org.springframework.amqp.rabbit.listener.SimpleMessageListenerContainer.doReceiveAndExecute(SimpleMessageListenerContainer.java:963)
	at org.springframework.amqp.rabbit.listener.SimpleMessageListenerContainer.receiveAndExecute(SimpleMessageListenerContainer.java:913)
	at org.springframework.amqp.rabbit.listener.SimpleMessageListenerContainer.access$1600(SimpleMessageListenerContainer.java:81)
	at org.springframework.amqp.rabbit.listener.SimpleMessageListenerContainer$AsyncMessageProcessingConsumer.mainLoop(SimpleMessageListenerContainer.java:1284)
	at org.springframework.amqp.rabbit.listener.SimpleMessageListenerContainer$AsyncMessageProcessingConsumer.run(SimpleMessageListenerContainer.java:1190)
	at java.lang.Thread.run(Thread.java:748)
Caused by: org.springframework.integration.MessageDispatchingException: Dispatcher has no subscribers, failedMessage=GenericMessage [payload=byte[71], headers={amqp_receivedDeliveryMode=PERSISTENT, amqp_receivedExchange=topic_test1, amqp_deliveryTag=1, deliveryAttempt=3, amqp_consumerQueue=topic_test1.stream, amqp_redelivered=false, amqp_receivedRoutingKey=topic_test1, amqp_timestamp=Tue Nov 09 14:35:20 CST 2021, amqp_messageId=0f3b444a-d4f8-b13a-ded1-e550b8de3a43, id=f326ae4a-e751-6425-5ca2-75b89e1af855, amqp_consumerTag=amq.ctag-4FjSdZgRKURVTacrbCf54w, sourceData=(Body:'{"headUrl":"11","name":"11","number":"33","phone":"11","username":"11"}' MessageProperties [headers={}, timestamp=Tue Nov 09 14:35:20 CST 2021, messageId=0f3b444a-d4f8-b13a-ded1-e550b8de3a43, contentType=application/json, contentLength=0, receivedDeliveryMode=PERSISTENT, priority=0, redelivered=false, receivedExchange=topic_test1, receivedRoutingKey=topic_test1, deliveryTag=1, consumerTag=amq.ctag-4FjSdZgRKURVTacrbCf54w, consumerQueue=topic_test1.stream]), contentType=application/json, timestamp=1636439720800}]
	at org.springframework.integration.dispatcher.UnicastingDispatcher.doDispatch(UnicastingDispatcher.java:139)
	at org.springframework.integration.dispatcher.UnicastingDispatcher.dispatch(UnicastingDispatcher.java:106)
	at org.springframework.integration.channel.AbstractSubscribableChannel.doSend(AbstractSubscribableChannel.java:73)
	... 23 more

2021-11-09 14:35:23.854 ERROR 20832 --- [AMQP Connection 59.110.159.219:5672] o.s.a.r.c.CachingConnectionFactory       : Channel shutdown: channel error; protocol method: #method<channel.close>(reply-code=404, reply-text=NOT_FOUND - no exchange 'DLX' in vhost '/', class-id=60, method-id=40)
2021-11-09 14:39:19.538  WARN 21680 --- [main] c.a.c.n.c.NacosPropertySourceBuilder     : Ignore the empty nacos configuration and get it based on dataId[glcxw-cloud-base] & group[DEFAULT_GROUP]
2021-11-09 14:39:19.595  WARN 21680 --- [main] c.a.c.n.c.NacosPropertySourceBuilder     : Ignore the empty nacos configuration and get it based on dataId[glcxw-cloud-base-dev.yml] & group[DEFAULT_GROUP]
2021-11-09 14:39:19.596  INFO 21680 --- [main] b.c.PropertySourceBootstrapConfiguration : Located property source: [BootstrapPropertySource {name='bootstrapProperties-glcxw-cloud-base-dev.yml,DEFAULT_GROUP'}, BootstrapPropertySource {name='bootstrapProperties-glcxw-cloud-base.yml,DEFAULT_GROUP'}, BootstrapPropertySource {name='bootstrapProperties-glcxw-cloud-base,DEFAULT_GROUP'}, BootstrapPropertySource {name='bootstrapProperties-application.yml,DEFAULT_GROUP'}]
2021-11-09 14:39:28.182  INFO 21680 --- [main] o.s.a.r.c.CachingConnectionFactory       : Attempting to connect to: [59.110.159.219:5672]
2021-11-09 14:39:28.330  INFO 21680 --- [main] o.s.a.r.c.CachingConnectionFactory       : Created new connection: rabbitConnectionFactory#7308c820:0/SimpleConnection@3dd2b9c1 [delegate=amqp://yadea@59.110.159.219:5672/, localPort= 54493]
2021-11-09 14:39:28.422  INFO 21680 --- [main] o.s.c.s.m.DirectWithAttributesChannel    : Channel 'glcxw-cloud-base-1.myOutput' has 1 subscriber(s).
2021-11-09 14:39:28.444  INFO 21680 --- [main] c.s.b.r.p.RabbitExchangeQueueProvisioner : declaring queue for inbound: topic_test1.stream, bound to: topic_test1
2021-11-09 14:39:28.561  INFO 21680 --- [main] o.s.c.stream.binder.BinderErrorChannel   : Channel 'topic_test1.stream.errors' has 1 subscriber(s).
2021-11-09 14:39:28.561  INFO 21680 --- [main] o.s.c.stream.binder.BinderErrorChannel   : Channel 'topic_test1.stream.errors' has 2 subscriber(s).
2021-11-09 14:39:28.671  INFO 21680 --- [main] o.s.i.a.i.AmqpInboundChannelAdapter      : started bean 'inbound.topic_test1.stream'
2021-11-09 14:39:28.700  INFO 21680 --- [main] o.s.b.w.embedded.tomcat.TomcatWebServer  : Tomcat started on port(s): 8001 (http) with context path ''
2021-11-09 14:39:28.929  INFO 21680 --- [main] c.a.c.n.registry.NacosServiceRegistry    : nacos registry, DEFAULT_GROUP platform-cloud-base 172.18.20.153:8001 register finished
2021-11-09 14:39:30.478  INFO 21680 --- [main] o.s.cloud.commons.util.InetUtils         : Cannot determine local hostname
2021-11-09 14:39:30.483  INFO 21680 --- [main] com.glcxw.base.BaseApplication           : Started BaseApplication in 15.21 seconds (JVM running for 16.205)
2021-11-09 14:39:30.484  INFO 21680 --- [main] com.glcxw.base.BaseApplication           : base service start success
2021-11-09 14:40:07.136  INFO 21680 --- [http-nio-8001-exec-1] o.s.web.servlet.DispatcherServlet        : Initializing Servlet 'dispatcherServlet'
2021-11-09 14:40:07.144  INFO 21680 --- [http-nio-8001-exec-1] o.s.web.servlet.DispatcherServlet        : Completed initialization in 7 ms
2021-11-09 14:40:07.182  INFO 21680 --- [http-nio-8001-exec-1] o.s.a.r.c.CachingConnectionFactory       : Attempting to connect to: [59.110.159.219:5672]
2021-11-09 14:40:07.313  INFO 21680 --- [http-nio-8001-exec-1] o.s.a.r.c.CachingConnectionFactory       : Created new connection: rabbitConnectionFactory.publisher#3bca2b23:0/SimpleConnection@21c71303 [delegate=amqp://yadea@59.110.159.219:5672/, localPort= 54526]
2021-11-09 14:40:07.773  INFO 21680 --- [http-nio-8001-exec-1] io.lettuce.core.EpollProvider            : Starting without optional epoll library
2021-11-09 14:40:07.776  INFO 21680 --- [http-nio-8001-exec-1] io.lettuce.core.KqueueProvider           : Starting without optional kqueue library
2021-11-09 14:40:10.560 ERROR 21680 --- [topic_test1.stream-1] o.s.integration.handler.LoggingHandler   : org.springframework.messaging.MessageDeliveryException: Dispatcher has no subscribers for channel 'glcxw-cloud-base-1.myInput'.; nested exception is org.springframework.integration.MessageDispatchingException: Dispatcher has no subscribers, failedMessage=GenericMessage [payload=byte[71], headers={amqp_receivedDeliveryMode=PERSISTENT, amqp_receivedExchange=topic_test1, amqp_deliveryTag=1, deliveryAttempt=3, amqp_consumerQueue=topic_test1.stream, amqp_redelivered=false, amqp_receivedRoutingKey=topic_test1, amqp_timestamp=Tue Nov 09 14:40:07 CST 2021, amqp_messageId=9156eba3-77b6-9fec-b63c-4ae99af37a89, id=17213bd3-d09f-f2fc-8691-778abc7f4f45, amqp_consumerTag=amq.ctag-UDJpzIt-t5pjW5a0fVWABg, sourceData=(Body:'{"headUrl":"11","name":"11","number":"33","phone":"11","username":"11"}' MessageProperties [headers={}, timestamp=Tue Nov 09 14:40:07 CST 2021, messageId=9156eba3-77b6-9fec-b63c-4ae99af37a89, contentType=application/json, contentLength=0, receivedDeliveryMode=PERSISTENT, priority=0, redelivered=false, receivedExchange=topic_test1, receivedRoutingKey=topic_test1, deliveryTag=1, consumerTag=amq.ctag-UDJpzIt-t5pjW5a0fVWABg, consumerQueue=topic_test1.stream]), contentType=application/json, timestamp=1636440007535}], failedMessage=GenericMessage [payload=byte[71], headers={amqp_receivedDeliveryMode=PERSISTENT, amqp_receivedExchange=topic_test1, amqp_deliveryTag=1, deliveryAttempt=3, amqp_consumerQueue=topic_test1.stream, amqp_redelivered=false, amqp_receivedRoutingKey=topic_test1, amqp_timestamp=Tue Nov 09 14:40:07 CST 2021, amqp_messageId=9156eba3-77b6-9fec-b63c-4ae99af37a89, id=17213bd3-d09f-f2fc-8691-778abc7f4f45, amqp_consumerTag=amq.ctag-UDJpzIt-t5pjW5a0fVWABg, sourceData=(Body:'{"headUrl":"11","name":"11","number":"33","phone":"11","username":"11"}' MessageProperties [headers={}, timestamp=Tue Nov 09 14:40:07 CST 2021, messageId=9156eba3-77b6-9fec-b63c-4ae99af37a89, contentType=application/json, contentLength=0, receivedDeliveryMode=PERSISTENT, priority=0, redelivered=false, receivedExchange=topic_test1, receivedRoutingKey=topic_test1, deliveryTag=1, consumerTag=amq.ctag-UDJpzIt-t5pjW5a0fVWABg, consumerQueue=topic_test1.stream]), contentType=application/json, timestamp=1636440007535}]
	at org.springframework.integration.channel.AbstractSubscribableChannel.doSend(AbstractSubscribableChannel.java:77)
	at org.springframework.integration.channel.AbstractMessageChannel.send(AbstractMessageChannel.java:453)
	at org.springframework.integration.channel.AbstractMessageChannel.send(AbstractMessageChannel.java:403)
	at org.springframework.messaging.core.GenericMessagingTemplate.doSend(GenericMessagingTemplate.java:187)
	at org.springframework.messaging.core.GenericMessagingTemplate.doSend(GenericMessagingTemplate.java:166)
	at org.springframework.messaging.core.GenericMessagingTemplate.doSend(GenericMessagingTemplate.java:47)
	at org.springframework.messaging.core.AbstractMessageSendingTemplate.send(AbstractMessageSendingTemplate.java:109)
	at org.springframework.integration.endpoint.MessageProducerSupport.sendMessage(MessageProducerSupport.java:198)
	at org.springframework.integration.amqp.inbound.AmqpInboundChannelAdapter.access$1300(AmqpInboundChannelAdapter.java:61)
	at org.springframework.integration.amqp.inbound.AmqpInboundChannelAdapter$Listener.lambda$onMessage$0(AmqpInboundChannelAdapter.java:239)
	at org.springframework.retry.support.RetryTemplate.doExecute(RetryTemplate.java:287)
	at org.springframework.retry.support.RetryTemplate.execute(RetryTemplate.java:180)
	at org.springframework.integration.amqp.inbound.AmqpInboundChannelAdapter$Listener.onMessage(AmqpInboundChannelAdapter.java:236)
	at org.springframework.amqp.rabbit.listener.AbstractMessageListenerContainer.doInvokeListener(AbstractMessageListenerContainer.java:1579)
	at org.springframework.amqp.rabbit.listener.AbstractMessageListenerContainer.actualInvokeListener(AbstractMessageListenerContainer.java:1498)
	at org.springframework.amqp.rabbit.listener.AbstractMessageListenerContainer.invokeListener(AbstractMessageListenerContainer.java:1486)
	at org.springframework.amqp.rabbit.listener.AbstractMessageListenerContainer.doExecuteListener(AbstractMessageListenerContainer.java:1477)
	at org.springframework.amqp.rabbit.listener.AbstractMessageListenerContainer.executeListener(AbstractMessageListenerContainer.java:1421)
	at org.springframework.amqp.rabbit.listener.SimpleMessageListenerContainer.doReceiveAndExecute(SimpleMessageListenerContainer.java:963)
	at org.springframework.amqp.rabbit.listener.SimpleMessageListenerContainer.receiveAndExecute(SimpleMessageListenerContainer.java:913)
	at org.springframework.amqp.rabbit.listener.SimpleMessageListenerContainer.access$1600(SimpleMessageListenerContainer.java:81)
	at org.springframework.amqp.rabbit.listener.SimpleMessageListenerContainer$AsyncMessageProcessingConsumer.mainLoop(SimpleMessageListenerContainer.java:1284)
	at org.springframework.amqp.rabbit.listener.SimpleMessageListenerContainer$AsyncMessageProcessingConsumer.run(SimpleMessageListenerContainer.java:1190)
	at java.lang.Thread.run(Thread.java:748)
Caused by: org.springframework.integration.MessageDispatchingException: Dispatcher has no subscribers, failedMessage=GenericMessage [payload=byte[71], headers={amqp_receivedDeliveryMode=PERSISTENT, amqp_receivedExchange=topic_test1, amqp_deliveryTag=1, deliveryAttempt=3, amqp_consumerQueue=topic_test1.stream, amqp_redelivered=false, amqp_receivedRoutingKey=topic_test1, amqp_timestamp=Tue Nov 09 14:40:07 CST 2021, amqp_messageId=9156eba3-77b6-9fec-b63c-4ae99af37a89, id=17213bd3-d09f-f2fc-8691-778abc7f4f45, amqp_consumerTag=amq.ctag-UDJpzIt-t5pjW5a0fVWABg, sourceData=(Body:'{"headUrl":"11","name":"11","number":"33","phone":"11","username":"11"}' MessageProperties [headers={}, timestamp=Tue Nov 09 14:40:07 CST 2021, messageId=9156eba3-77b6-9fec-b63c-4ae99af37a89, contentType=application/json, contentLength=0, receivedDeliveryMode=PERSISTENT, priority=0, redelivered=false, receivedExchange=topic_test1, receivedRoutingKey=topic_test1, deliveryTag=1, consumerTag=amq.ctag-UDJpzIt-t5pjW5a0fVWABg, consumerQueue=topic_test1.stream]), contentType=application/json, timestamp=1636440007535}]
	at org.springframework.integration.dispatcher.UnicastingDispatcher.doDispatch(UnicastingDispatcher.java:139)
	at org.springframework.integration.dispatcher.UnicastingDispatcher.dispatch(UnicastingDispatcher.java:106)
	at org.springframework.integration.channel.AbstractSubscribableChannel.doSend(AbstractSubscribableChannel.java:73)
	... 23 more

2021-11-09 14:40:10.604 ERROR 21680 --- [AMQP Connection 59.110.159.219:5672] o.s.a.r.c.CachingConnectionFactory       : Channel shutdown: channel error; protocol method: #method<channel.close>(reply-code=404, reply-text=NOT_FOUND - no exchange 'DLX' in vhost '/', class-id=60, method-id=40)
2021-11-09 14:41:03.971 ERROR 21680 --- [topic_test1.stream-1] o.s.integration.handler.LoggingHandler   : org.springframework.messaging.MessageDeliveryException: Dispatcher has no subscribers for channel 'glcxw-cloud-base-1.myInput'.; nested exception is org.springframework.integration.MessageDispatchingException: Dispatcher has no subscribers, failedMessage=GenericMessage [payload=byte[71], headers={amqp_receivedDeliveryMode=PERSISTENT, amqp_receivedExchange=topic_test1, amqp_deliveryTag=2, deliveryAttempt=3, amqp_consumerQueue=topic_test1.stream, amqp_redelivered=false, amqp_receivedRoutingKey=topic_test1, amqp_timestamp=Tue Nov 09 14:41:00 CST 2021, amqp_messageId=55567403-6d83-8dbd-745d-e6cb530bff9d, id=8038ed23-f231-4f9c-320a-78a9e8f93667, amqp_consumerTag=amq.ctag-UDJpzIt-t5pjW5a0fVWABg, sourceData=(Body:'{"headUrl":"11","name":"11","number":"33","phone":"11","username":"11"}' MessageProperties [headers={}, timestamp=Tue Nov 09 14:41:00 CST 2021, messageId=55567403-6d83-8dbd-745d-e6cb530bff9d, contentType=application/json, contentLength=0, receivedDeliveryMode=PERSISTENT, priority=0, redelivered=false, receivedExchange=topic_test1, receivedRoutingKey=topic_test1, deliveryTag=2, consumerTag=amq.ctag-UDJpzIt-t5pjW5a0fVWABg, consumerQueue=topic_test1.stream]), contentType=application/json, timestamp=1636440060959}], failedMessage=GenericMessage [payload=byte[71], headers={amqp_receivedDeliveryMode=PERSISTENT, amqp_receivedExchange=topic_test1, amqp_deliveryTag=2, deliveryAttempt=3, amqp_consumerQueue=topic_test1.stream, amqp_redelivered=false, amqp_receivedRoutingKey=topic_test1, amqp_timestamp=Tue Nov 09 14:41:00 CST 2021, amqp_messageId=55567403-6d83-8dbd-745d-e6cb530bff9d, id=8038ed23-f231-4f9c-320a-78a9e8f93667, amqp_consumerTag=amq.ctag-UDJpzIt-t5pjW5a0fVWABg, sourceData=(Body:'{"headUrl":"11","name":"11","number":"33","phone":"11","username":"11"}' MessageProperties [headers={}, timestamp=Tue Nov 09 14:41:00 CST 2021, messageId=55567403-6d83-8dbd-745d-e6cb530bff9d, contentType=application/json, contentLength=0, receivedDeliveryMode=PERSISTENT, priority=0, redelivered=false, receivedExchange=topic_test1, receivedRoutingKey=topic_test1, deliveryTag=2, consumerTag=amq.ctag-UDJpzIt-t5pjW5a0fVWABg, consumerQueue=topic_test1.stream]), contentType=application/json, timestamp=1636440060959}]
	at org.springframework.integration.channel.AbstractSubscribableChannel.doSend(AbstractSubscribableChannel.java:77)
	at org.springframework.integration.channel.AbstractMessageChannel.send(AbstractMessageChannel.java:453)
	at org.springframework.integration.channel.AbstractMessageChannel.send(AbstractMessageChannel.java:403)
	at org.springframework.messaging.core.GenericMessagingTemplate.doSend(GenericMessagingTemplate.java:187)
	at org.springframework.messaging.core.GenericMessagingTemplate.doSend(GenericMessagingTemplate.java:166)
	at org.springframework.messaging.core.GenericMessagingTemplate.doSend(GenericMessagingTemplate.java:47)
	at org.springframework.messaging.core.AbstractMessageSendingTemplate.send(AbstractMessageSendingTemplate.java:109)
	at org.springframework.integration.endpoint.MessageProducerSupport.sendMessage(MessageProducerSupport.java:198)
	at org.springframework.integration.amqp.inbound.AmqpInboundChannelAdapter.access$1300(AmqpInboundChannelAdapter.java:61)
	at org.springframework.integration.amqp.inbound.AmqpInboundChannelAdapter$Listener.lambda$onMessage$0(AmqpInboundChannelAdapter.java:239)
	at org.springframework.retry.support.RetryTemplate.doExecute(RetryTemplate.java:287)
	at org.springframework.retry.support.RetryTemplate.execute(RetryTemplate.java:180)
	at org.springframework.integration.amqp.inbound.AmqpInboundChannelAdapter$Listener.onMessage(AmqpInboundChannelAdapter.java:236)
	at org.springframework.amqp.rabbit.listener.AbstractMessageListenerContainer.doInvokeListener(AbstractMessageListenerContainer.java:1579)
	at org.springframework.amqp.rabbit.listener.AbstractMessageListenerContainer.actualInvokeListener(AbstractMessageListenerContainer.java:1498)
	at org.springframework.amqp.rabbit.listener.AbstractMessageListenerContainer.invokeListener(AbstractMessageListenerContainer.java:1486)
	at org.springframework.amqp.rabbit.listener.AbstractMessageListenerContainer.doExecuteListener(AbstractMessageListenerContainer.java:1477)
	at org.springframework.amqp.rabbit.listener.AbstractMessageListenerContainer.executeListener(AbstractMessageListenerContainer.java:1421)
	at org.springframework.amqp.rabbit.listener.SimpleMessageListenerContainer.doReceiveAndExecute(SimpleMessageListenerContainer.java:963)
	at org.springframework.amqp.rabbit.listener.SimpleMessageListenerContainer.receiveAndExecute(SimpleMessageListenerContainer.java:913)
	at org.springframework.amqp.rabbit.listener.SimpleMessageListenerContainer.access$1600(SimpleMessageListenerContainer.java:81)
	at org.springframework.amqp.rabbit.listener.SimpleMessageListenerContainer$AsyncMessageProcessingConsumer.mainLoop(SimpleMessageListenerContainer.java:1284)
	at org.springframework.amqp.rabbit.listener.SimpleMessageListenerContainer$AsyncMessageProcessingConsumer.run(SimpleMessageListenerContainer.java:1190)
	at java.lang.Thread.run(Thread.java:748)
Caused by: org.springframework.integration.MessageDispatchingException: Dispatcher has no subscribers, failedMessage=GenericMessage [payload=byte[71], headers={amqp_receivedDeliveryMode=PERSISTENT, amqp_receivedExchange=topic_test1, amqp_deliveryTag=2, deliveryAttempt=3, amqp_consumerQueue=topic_test1.stream, amqp_redelivered=false, amqp_receivedRoutingKey=topic_test1, amqp_timestamp=Tue Nov 09 14:41:00 CST 2021, amqp_messageId=55567403-6d83-8dbd-745d-e6cb530bff9d, id=8038ed23-f231-4f9c-320a-78a9e8f93667, amqp_consumerTag=amq.ctag-UDJpzIt-t5pjW5a0fVWABg, sourceData=(Body:'{"headUrl":"11","name":"11","number":"33","phone":"11","username":"11"}' MessageProperties [headers={}, timestamp=Tue Nov 09 14:41:00 CST 2021, messageId=55567403-6d83-8dbd-745d-e6cb530bff9d, contentType=application/json, contentLength=0, receivedDeliveryMode=PERSISTENT, priority=0, redelivered=false, receivedExchange=topic_test1, receivedRoutingKey=topic_test1, deliveryTag=2, consumerTag=amq.ctag-UDJpzIt-t5pjW5a0fVWABg, consumerQueue=topic_test1.stream]), contentType=application/json, timestamp=1636440060959}]
	at org.springframework.integration.dispatcher.UnicastingDispatcher.doDispatch(UnicastingDispatcher.java:139)
	at org.springframework.integration.dispatcher.UnicastingDispatcher.dispatch(UnicastingDispatcher.java:106)
	at org.springframework.integration.channel.AbstractSubscribableChannel.doSend(AbstractSubscribableChannel.java:73)
	... 23 more

2021-11-09 14:41:04.004 ERROR 21680 --- [AMQP Connection 59.110.159.219:5672] o.s.a.r.c.CachingConnectionFactory       : Channel shutdown: channel error; protocol method: #method<channel.close>(reply-code=404, reply-text=NOT_FOUND - no exchange 'DLX' in vhost '/', class-id=60, method-id=40)
2021-11-09 14:41:34.924 ERROR 21680 --- [topic_test1.stream-1] o.s.integration.handler.LoggingHandler   : org.springframework.messaging.MessageDeliveryException: Dispatcher has no subscribers for channel 'glcxw-cloud-base-1.myInput'.; nested exception is org.springframework.integration.MessageDispatchingException: Dispatcher has no subscribers, failedMessage=GenericMessage [payload=byte[71], headers={amqp_receivedDeliveryMode=PERSISTENT, amqp_receivedExchange=topic_test1, amqp_deliveryTag=3, deliveryAttempt=3, amqp_consumerQueue=topic_test1.stream, amqp_redelivered=false, amqp_receivedRoutingKey=topic_test1, amqp_timestamp=Tue Nov 09 14:41:31 CST 2021, amqp_messageId=085705ad-a541-1bb4-a62c-563c51d7563a, id=5090993e-b8c5-d7ff-457a-7223b4b01533, amqp_consumerTag=amq.ctag-UDJpzIt-t5pjW5a0fVWABg, sourceData=(Body:'{"headUrl":"11","name":"11","number":"33","phone":"11","username":"11"}' MessageProperties [headers={}, timestamp=Tue Nov 09 14:41:31 CST 2021, messageId=085705ad-a541-1bb4-a62c-563c51d7563a, contentType=application/json, contentLength=0, receivedDeliveryMode=PERSISTENT, priority=0, redelivered=false, receivedExchange=topic_test1, receivedRoutingKey=topic_test1, deliveryTag=3, consumerTag=amq.ctag-UDJpzIt-t5pjW5a0fVWABg, consumerQueue=topic_test1.stream]), contentType=application/json, timestamp=1636440091905}], failedMessage=GenericMessage [payload=byte[71], headers={amqp_receivedDeliveryMode=PERSISTENT, amqp_receivedExchange=topic_test1, amqp_deliveryTag=3, deliveryAttempt=3, amqp_consumerQueue=topic_test1.stream, amqp_redelivered=false, amqp_receivedRoutingKey=topic_test1, amqp_timestamp=Tue Nov 09 14:41:31 CST 2021, amqp_messageId=085705ad-a541-1bb4-a62c-563c51d7563a, id=5090993e-b8c5-d7ff-457a-7223b4b01533, amqp_consumerTag=amq.ctag-UDJpzIt-t5pjW5a0fVWABg, sourceData=(Body:'{"headUrl":"11","name":"11","number":"33","phone":"11","username":"11"}' MessageProperties [headers={}, timestamp=Tue Nov 09 14:41:31 CST 2021, messageId=085705ad-a541-1bb4-a62c-563c51d7563a, contentType=application/json, contentLength=0, receivedDeliveryMode=PERSISTENT, priority=0, redelivered=false, receivedExchange=topic_test1, receivedRoutingKey=topic_test1, deliveryTag=3, consumerTag=amq.ctag-UDJpzIt-t5pjW5a0fVWABg, consumerQueue=topic_test1.stream]), contentType=application/json, timestamp=1636440091905}]
	at org.springframework.integration.channel.AbstractSubscribableChannel.doSend(AbstractSubscribableChannel.java:77)
	at org.springframework.integration.channel.AbstractMessageChannel.send(AbstractMessageChannel.java:453)
	at org.springframework.integration.channel.AbstractMessageChannel.send(AbstractMessageChannel.java:403)
	at org.springframework.messaging.core.GenericMessagingTemplate.doSend(GenericMessagingTemplate.java:187)
	at org.springframework.messaging.core.GenericMessagingTemplate.doSend(GenericMessagingTemplate.java:166)
	at org.springframework.messaging.core.GenericMessagingTemplate.doSend(GenericMessagingTemplate.java:47)
	at org.springframework.messaging.core.AbstractMessageSendingTemplate.send(AbstractMessageSendingTemplate.java:109)
	at org.springframework.integration.endpoint.MessageProducerSupport.sendMessage(MessageProducerSupport.java:198)
	at org.springframework.integration.amqp.inbound.AmqpInboundChannelAdapter.access$1300(AmqpInboundChannelAdapter.java:61)
	at org.springframework.integration.amqp.inbound.AmqpInboundChannelAdapter$Listener.lambda$onMessage$0(AmqpInboundChannelAdapter.java:239)
	at org.springframework.retry.support.RetryTemplate.doExecute(RetryTemplate.java:287)
	at org.springframework.retry.support.RetryTemplate.execute(RetryTemplate.java:180)
	at org.springframework.integration.amqp.inbound.AmqpInboundChannelAdapter$Listener.onMessage(AmqpInboundChannelAdapter.java:236)
	at org.springframework.amqp.rabbit.listener.AbstractMessageListenerContainer.doInvokeListener(AbstractMessageListenerContainer.java:1579)
	at org.springframework.amqp.rabbit.listener.AbstractMessageListenerContainer.actualInvokeListener(AbstractMessageListenerContainer.java:1498)
	at org.springframework.amqp.rabbit.listener.AbstractMessageListenerContainer.invokeListener(AbstractMessageListenerContainer.java:1486)
	at org.springframework.amqp.rabbit.listener.AbstractMessageListenerContainer.doExecuteListener(AbstractMessageListenerContainer.java:1477)
	at org.springframework.amqp.rabbit.listener.AbstractMessageListenerContainer.executeListener(AbstractMessageListenerContainer.java:1421)
	at org.springframework.amqp.rabbit.listener.SimpleMessageListenerContainer.doReceiveAndExecute(SimpleMessageListenerContainer.java:963)
	at org.springframework.amqp.rabbit.listener.SimpleMessageListenerContainer.receiveAndExecute(SimpleMessageListenerContainer.java:913)
	at org.springframework.amqp.rabbit.listener.SimpleMessageListenerContainer.access$1600(SimpleMessageListenerContainer.java:81)
	at org.springframework.amqp.rabbit.listener.SimpleMessageListenerContainer$AsyncMessageProcessingConsumer.mainLoop(SimpleMessageListenerContainer.java:1284)
	at org.springframework.amqp.rabbit.listener.SimpleMessageListenerContainer$AsyncMessageProcessingConsumer.run(SimpleMessageListenerContainer.java:1190)
	at java.lang.Thread.run(Thread.java:748)
Caused by: org.springframework.integration.MessageDispatchingException: Dispatcher has no subscribers, failedMessage=GenericMessage [payload=byte[71], headers={amqp_receivedDeliveryMode=PERSISTENT, amqp_receivedExchange=topic_test1, amqp_deliveryTag=3, deliveryAttempt=3, amqp_consumerQueue=topic_test1.stream, amqp_redelivered=false, amqp_receivedRoutingKey=topic_test1, amqp_timestamp=Tue Nov 09 14:41:31 CST 2021, amqp_messageId=085705ad-a541-1bb4-a62c-563c51d7563a, id=5090993e-b8c5-d7ff-457a-7223b4b01533, amqp_consumerTag=amq.ctag-UDJpzIt-t5pjW5a0fVWABg, sourceData=(Body:'{"headUrl":"11","name":"11","number":"33","phone":"11","username":"11"}' MessageProperties [headers={}, timestamp=Tue Nov 09 14:41:31 CST 2021, messageId=085705ad-a541-1bb4-a62c-563c51d7563a, contentType=application/json, contentLength=0, receivedDeliveryMode=PERSISTENT, priority=0, redelivered=false, receivedExchange=topic_test1, receivedRoutingKey=topic_test1, deliveryTag=3, consumerTag=amq.ctag-UDJpzIt-t5pjW5a0fVWABg, consumerQueue=topic_test1.stream]), contentType=application/json, timestamp=1636440091905}]
	at org.springframework.integration.dispatcher.UnicastingDispatcher.doDispatch(UnicastingDispatcher.java:139)
	at org.springframework.integration.dispatcher.UnicastingDispatcher.dispatch(UnicastingDispatcher.java:106)
	at org.springframework.integration.channel.AbstractSubscribableChannel.doSend(AbstractSubscribableChannel.java:73)
	... 23 more

2021-11-09 14:41:34.958 ERROR 21680 --- [AMQP Connection 59.110.159.219:5672] o.s.a.r.c.CachingConnectionFactory       : Channel shutdown: channel error; protocol method: #method<channel.close>(reply-code=404, reply-text=NOT_FOUND - no exchange 'DLX' in vhost '/', class-id=60, method-id=40)
2021-11-09 14:47:59.684  WARN 20300 --- [main] c.a.c.n.c.NacosPropertySourceBuilder     : Ignore the empty nacos configuration and get it based on dataId[glcxw-cloud-base] & group[DEFAULT_GROUP]
2021-11-09 14:47:59.758  WARN 20300 --- [main] c.a.c.n.c.NacosPropertySourceBuilder     : Ignore the empty nacos configuration and get it based on dataId[glcxw-cloud-base-dev.yml] & group[DEFAULT_GROUP]
2021-11-09 14:47:59.760  INFO 20300 --- [main] b.c.PropertySourceBootstrapConfiguration : Located property source: [BootstrapPropertySource {name='bootstrapProperties-glcxw-cloud-base-dev.yml,DEFAULT_GROUP'}, BootstrapPropertySource {name='bootstrapProperties-glcxw-cloud-base.yml,DEFAULT_GROUP'}, BootstrapPropertySource {name='bootstrapProperties-glcxw-cloud-base,DEFAULT_GROUP'}, BootstrapPropertySource {name='bootstrapProperties-application.yml,DEFAULT_GROUP'}]
2021-11-09 14:48:08.173  INFO 20300 --- [main] o.s.a.r.c.CachingConnectionFactory       : Attempting to connect to: [59.110.159.219:5672]
2021-11-09 14:48:08.371  INFO 20300 --- [main] o.s.a.r.c.CachingConnectionFactory       : Created new connection: rabbitConnectionFactory#23e2c1ca:0/SimpleConnection@15f519f7 [delegate=amqp://yadea@59.110.159.219:5672/, localPort= 54964]
2021-11-09 14:48:08.512  INFO 20300 --- [main] o.s.c.s.m.DirectWithAttributesChannel    : Channel 'glcxw-cloud-base-1.myOutput' has 1 subscriber(s).
2021-11-09 14:48:08.533  INFO 20300 --- [main] c.s.b.r.p.RabbitExchangeQueueProvisioner : declaring queue for inbound: topic_test1.stream, bound to: topic_test1
2021-11-09 14:48:08.670  INFO 20300 --- [main] o.s.c.stream.binder.BinderErrorChannel   : Channel 'topic_test1.stream.errors' has 1 subscriber(s).
2021-11-09 14:48:08.670  INFO 20300 --- [main] o.s.c.stream.binder.BinderErrorChannel   : Channel 'topic_test1.stream.errors' has 2 subscriber(s).
2021-11-09 14:48:08.789  INFO 20300 --- [main] o.s.i.a.i.AmqpInboundChannelAdapter      : started bean 'inbound.topic_test1.stream'
2021-11-09 14:48:08.827  INFO 20300 --- [main] o.s.b.w.embedded.tomcat.TomcatWebServer  : Tomcat started on port(s): 8001 (http) with context path ''
2021-11-09 14:48:09.047  INFO 20300 --- [main] c.a.c.n.registry.NacosServiceRegistry    : nacos registry, DEFAULT_GROUP platform-cloud-base 172.18.20.153:8001 register finished
2021-11-09 14:48:10.558  INFO 20300 --- [main] o.s.cloud.commons.util.InetUtils         : Cannot determine local hostname
2021-11-09 14:48:10.563  INFO 20300 --- [main] com.glcxw.base.BaseApplication           : Started BaseApplication in 14.983 seconds (JVM running for 15.939)
2021-11-09 14:48:10.564  INFO 20300 --- [main] com.glcxw.base.BaseApplication           : base service start success
2021-11-09 14:48:15.234  INFO 20300 --- [http-nio-8001-exec-1] o.s.web.servlet.DispatcherServlet        : Initializing Servlet 'dispatcherServlet'
2021-11-09 14:48:15.241  INFO 20300 --- [http-nio-8001-exec-1] o.s.web.servlet.DispatcherServlet        : Completed initialization in 6 ms
2021-11-09 14:48:15.275  INFO 20300 --- [http-nio-8001-exec-1] o.s.a.r.c.CachingConnectionFactory       : Attempting to connect to: [59.110.159.219:5672]
2021-11-09 14:48:15.395  INFO 20300 --- [http-nio-8001-exec-1] o.s.a.r.c.CachingConnectionFactory       : Created new connection: rabbitConnectionFactory.publisher#77a6f674:0/SimpleConnection@62f7570a [delegate=amqp://yadea@59.110.159.219:5672/, localPort= 54976]
2021-11-09 14:48:15.904  INFO 20300 --- [http-nio-8001-exec-1] io.lettuce.core.EpollProvider            : Starting without optional epoll library
2021-11-09 14:48:15.906  INFO 20300 --- [http-nio-8001-exec-1] io.lettuce.core.KqueueProvider           : Starting without optional kqueue library
2021-11-09 14:48:56.932 ERROR 20300 --- [topic_test1.stream-1] o.s.integration.handler.LoggingHandler   : org.springframework.messaging.MessageDeliveryException: Dispatcher has no subscribers for channel 'glcxw-cloud-base-1.myInput'.; nested exception is org.springframework.integration.MessageDispatchingException: Dispatcher has no subscribers, failedMessage=GenericMessage [payload=byte[71], headers={amqp_receivedDeliveryMode=PERSISTENT, amqp_receivedExchange=topic_test1, amqp_deliveryTag=1, deliveryAttempt=3, amqp_consumerQueue=topic_test1.stream, amqp_redelivered=false, amqp_receivedRoutingKey=topic_test1, amqp_timestamp=Tue Nov 09 14:48:53 CST 2021, amqp_messageId=19ff6993-d654-ea08-8a25-9e189763314b, id=31c9fe3a-7637-7f2b-a2ec-58b8c5693249, amqp_consumerTag=amq.ctag-0NF9aJgAWP21LfUKXW_KGg, sourceData=(Body:'{"headUrl":"11","name":"11","number":"33","phone":"11","username":"11"}' MessageProperties [headers={}, timestamp=Tue Nov 09 14:48:53 CST 2021, messageId=19ff6993-d654-ea08-8a25-9e189763314b, contentType=application/json, contentLength=0, receivedDeliveryMode=PERSISTENT, priority=0, redelivered=false, receivedExchange=topic_test1, receivedRoutingKey=topic_test1, deliveryTag=1, consumerTag=amq.ctag-0NF9aJgAWP21LfUKXW_KGg, consumerQueue=topic_test1.stream]), contentType=application/json, timestamp=1636440533909}], failedMessage=GenericMessage [payload=byte[71], headers={amqp_receivedDeliveryMode=PERSISTENT, amqp_receivedExchange=topic_test1, amqp_deliveryTag=1, deliveryAttempt=3, amqp_consumerQueue=topic_test1.stream, amqp_redelivered=false, amqp_receivedRoutingKey=topic_test1, amqp_timestamp=Tue Nov 09 14:48:53 CST 2021, amqp_messageId=19ff6993-d654-ea08-8a25-9e189763314b, id=31c9fe3a-7637-7f2b-a2ec-58b8c5693249, amqp_consumerTag=amq.ctag-0NF9aJgAWP21LfUKXW_KGg, sourceData=(Body:'{"headUrl":"11","name":"11","number":"33","phone":"11","username":"11"}' MessageProperties [headers={}, timestamp=Tue Nov 09 14:48:53 CST 2021, messageId=19ff6993-d654-ea08-8a25-9e189763314b, contentType=application/json, contentLength=0, receivedDeliveryMode=PERSISTENT, priority=0, redelivered=false, receivedExchange=topic_test1, receivedRoutingKey=topic_test1, deliveryTag=1, consumerTag=amq.ctag-0NF9aJgAWP21LfUKXW_KGg, consumerQueue=topic_test1.stream]), contentType=application/json, timestamp=1636440533909}]
	at org.springframework.integration.channel.AbstractSubscribableChannel.doSend(AbstractSubscribableChannel.java:77)
	at org.springframework.integration.channel.AbstractMessageChannel.send(AbstractMessageChannel.java:453)
	at org.springframework.integration.channel.AbstractMessageChannel.send(AbstractMessageChannel.java:403)
	at org.springframework.messaging.core.GenericMessagingTemplate.doSend(GenericMessagingTemplate.java:187)
	at org.springframework.messaging.core.GenericMessagingTemplate.doSend(GenericMessagingTemplate.java:166)
	at org.springframework.messaging.core.GenericMessagingTemplate.doSend(GenericMessagingTemplate.java:47)
	at org.springframework.messaging.core.AbstractMessageSendingTemplate.send(AbstractMessageSendingTemplate.java:109)
	at org.springframework.integration.endpoint.MessageProducerSupport.sendMessage(MessageProducerSupport.java:198)
	at org.springframework.integration.amqp.inbound.AmqpInboundChannelAdapter.access$1300(AmqpInboundChannelAdapter.java:61)
	at org.springframework.integration.amqp.inbound.AmqpInboundChannelAdapter$Listener.lambda$onMessage$0(AmqpInboundChannelAdapter.java:239)
	at org.springframework.retry.support.RetryTemplate.doExecute(RetryTemplate.java:287)
	at org.springframework.retry.support.RetryTemplate.execute(RetryTemplate.java:180)
	at org.springframework.integration.amqp.inbound.AmqpInboundChannelAdapter$Listener.onMessage(AmqpInboundChannelAdapter.java:236)
	at org.springframework.amqp.rabbit.listener.AbstractMessageListenerContainer.doInvokeListener(AbstractMessageListenerContainer.java:1579)
	at org.springframework.amqp.rabbit.listener.AbstractMessageListenerContainer.actualInvokeListener(AbstractMessageListenerContainer.java:1498)
	at org.springframework.amqp.rabbit.listener.AbstractMessageListenerContainer.invokeListener(AbstractMessageListenerContainer.java:1486)
	at org.springframework.amqp.rabbit.listener.AbstractMessageListenerContainer.doExecuteListener(AbstractMessageListenerContainer.java:1477)
	at org.springframework.amqp.rabbit.listener.AbstractMessageListenerContainer.executeListener(AbstractMessageListenerContainer.java:1421)
	at org.springframework.amqp.rabbit.listener.SimpleMessageListenerContainer.doReceiveAndExecute(SimpleMessageListenerContainer.java:963)
	at org.springframework.amqp.rabbit.listener.SimpleMessageListenerContainer.receiveAndExecute(SimpleMessageListenerContainer.java:913)
	at org.springframework.amqp.rabbit.listener.SimpleMessageListenerContainer.access$1600(SimpleMessageListenerContainer.java:81)
	at org.springframework.amqp.rabbit.listener.SimpleMessageListenerContainer$AsyncMessageProcessingConsumer.mainLoop(SimpleMessageListenerContainer.java:1284)
	at org.springframework.amqp.rabbit.listener.SimpleMessageListenerContainer$AsyncMessageProcessingConsumer.run(SimpleMessageListenerContainer.java:1190)
	at java.lang.Thread.run(Thread.java:748)
Caused by: org.springframework.integration.MessageDispatchingException: Dispatcher has no subscribers, failedMessage=GenericMessage [payload=byte[71], headers={amqp_receivedDeliveryMode=PERSISTENT, amqp_receivedExchange=topic_test1, amqp_deliveryTag=1, deliveryAttempt=3, amqp_consumerQueue=topic_test1.stream, amqp_redelivered=false, amqp_receivedRoutingKey=topic_test1, amqp_timestamp=Tue Nov 09 14:48:53 CST 2021, amqp_messageId=19ff6993-d654-ea08-8a25-9e189763314b, id=31c9fe3a-7637-7f2b-a2ec-58b8c5693249, amqp_consumerTag=amq.ctag-0NF9aJgAWP21LfUKXW_KGg, sourceData=(Body:'{"headUrl":"11","name":"11","number":"33","phone":"11","username":"11"}' MessageProperties [headers={}, timestamp=Tue Nov 09 14:48:53 CST 2021, messageId=19ff6993-d654-ea08-8a25-9e189763314b, contentType=application/json, contentLength=0, receivedDeliveryMode=PERSISTENT, priority=0, redelivered=false, receivedExchange=topic_test1, receivedRoutingKey=topic_test1, deliveryTag=1, consumerTag=amq.ctag-0NF9aJgAWP21LfUKXW_KGg, consumerQueue=topic_test1.stream]), contentType=application/json, timestamp=1636440533909}]
	at org.springframework.integration.dispatcher.UnicastingDispatcher.doDispatch(UnicastingDispatcher.java:139)
	at org.springframework.integration.dispatcher.UnicastingDispatcher.dispatch(UnicastingDispatcher.java:106)
	at org.springframework.integration.channel.AbstractSubscribableChannel.doSend(AbstractSubscribableChannel.java:73)
	... 23 more

2021-11-09 14:48:56.965 ERROR 20300 --- [AMQP Connection 59.110.159.219:5672] o.s.a.r.c.CachingConnectionFactory       : Channel shutdown: channel error; protocol method: #method<channel.close>(reply-code=404, reply-text=NOT_FOUND - no exchange 'DLX' in vhost '/', class-id=60, method-id=40)
