2021-09-26 18:51:16.604  INFO 41568 --- [main] com.glcxw.order.OrderApplication         : The following profiles are active: dev
2021-09-26 18:51:16.939  WARN 41568 --- [main] o.m.s.mapper.ClassPathMapperScanner      : No MyBatis mapper was found in '[com.glcxw.*.mapper]' package. Please check your configuration.
2021-09-26 18:51:17.056  WARN 41568 --- [main] o.m.s.mapper.ClassPathMapperScanner      : No MyBatis mapper was found in '[com.glcxw.order]' package. Please check your configuration.
2021-09-26 18:51:17.090  INFO 41568 --- [main] .s.d.r.c.RepositoryConfigurationDelegate : Multiple Spring Data modules found, entering strict repository configuration mode!
2021-09-26 18:51:17.091  INFO 41568 --- [main] .s.d.r.c.RepositoryConfigurationDelegate : Bootstrapping Spring Data Redis repositories in DEFAULT mode.
2021-09-26 18:51:17.115  INFO 41568 --- [main] .s.d.r.c.RepositoryConfigurationDelegate : Finished Spring Data repository scanning in 4ms. Found 0 Redis repository interfaces.
2021-09-26 18:51:17.261  INFO 41568 --- [main] o.s.cloud.context.scope.GenericScope     : BeanFactory id=f3cd9784-e5f3-314a-a9be-ad87e4c8a6c9
2021-09-26 18:51:17.320  INFO 41568 --- [main] trationDelegate$BeanPostProcessorChecker : Bean 'com.glcxw.avatar.pay.PayFeign' of type [org.springframework.cloud.openfeign.FeignClientFactoryBean] is not eligible for getting processed by all BeanPostProcessors (for example: not eligible for auto-proxying)
2021-09-26 18:51:17.598  INFO 41568 --- [main] o.s.b.w.embedded.tomcat.TomcatWebServer  : Tomcat initialized with port(s): 8003 (http)
2021-09-26 18:51:17.710  INFO 41568 --- [main] o.s.web.context.ContextLoader            : Root WebApplicationContext: initialization completed in 1089 ms
2021-09-26 18:51:18.383  WARN 41568 --- [main] c.n.c.sources.URLConfigurationSource     : No URLs will be polled as dynamic configuration sources.
2021-09-26 18:51:18.384  INFO 41568 --- [main] c.n.c.sources.URLConfigurationSource     : To enable URLs as dynamic configuration sources, define System property archaius.configurationSource.additionalUrls or make config.properties available on classpath.
2021-09-26 18:51:18.387  WARN 41568 --- [main] c.n.c.sources.URLConfigurationSource     : No URLs will be polled as dynamic configuration sources.
2021-09-26 18:51:18.387  INFO 41568 --- [main] c.n.c.sources.URLConfigurationSource     : To enable URLs as dynamic configuration sources, define System property archaius.configurationSource.additionalUrls or make config.properties available on classpath.
2021-09-26 18:51:18.511  INFO 41568 --- [main] o.s.s.concurrent.ThreadPoolTaskExecutor  : Initializing ExecutorService 'applicationTaskExecutor'
2021-09-26 18:51:20.133  INFO 41568 --- [main] o.s.cloud.commons.util.InetUtils         : Cannot determine local hostname
2021-09-26 18:51:20.140  INFO 41568 --- [main] o.s.s.c.ThreadPoolTaskScheduler          : Initializing ExecutorService 'Nacso-Watch-Task-Scheduler'
2021-09-26 18:51:20.274  INFO 41568 --- [main] com.zaxxer.hikari.HikariDataSource       : MyHikariCP - Starting...
2021-09-26 18:51:20.667  INFO 41568 --- [main] com.zaxxer.hikari.HikariDataSource       : MyHikariCP - Start completed.
2021-09-26 18:51:22.305  INFO 41568 --- [main] o.s.cloud.commons.util.InetUtils         : Cannot determine local hostname
2021-09-26 18:51:22.429  INFO 41568 --- [main] o.s.b.w.embedded.tomcat.TomcatWebServer  : Tomcat started on port(s): 8003 (http) with context path ''
2021-09-26 18:51:22.489  INFO 41568 --- [main] c.a.c.n.registry.NacosServiceRegistry    : nacos registry, DEFAULT_GROUP platform-cloud-service-order 172.18.20.153:8003 register finished
2021-09-26 18:51:24.018  INFO 41568 --- [main] o.s.cloud.commons.util.InetUtils         : Cannot determine local hostname
2021-09-26 18:51:24.023  INFO 41568 --- [main] com.glcxw.order.OrderApplication         : Started OrderApplication in 11.681 seconds (JVM running for 12.936)
2021-09-26 18:51:24.039  INFO 41568 --- [main] com.glcxw.order.OrderApplication         : order service start success
