2021-11-09 14:28:49.360  INFO 23348 --- [main] com.glcxw.avatar.PayApplication          : The following profiles are active: dev
2021-11-09 14:28:49.812  WARN 23348 --- [main] o.m.s.mapper.ClassPathMapperScanner      : No MyBatis mapper was found in '[com.glcxw.*.mapper]' package. Please check your configuration.
2021-11-09 14:28:49.935  WARN 23348 --- [main] o.m.s.mapper.ClassPathMapperScanner      : No MyBatis mapper was found in '[com.glcxw.avatar]' package. Please check your configuration.
2021-11-09 14:28:49.993  INFO 23348 --- [main] .s.d.r.c.RepositoryConfigurationDelegate : Multiple Spring Data modules found, entering strict repository configuration mode!
2021-11-09 14:28:49.995  INFO 23348 --- [main] .s.d.r.c.RepositoryConfigurationDelegate : Bootstrapping Spring Data Redis repositories in DEFAULT mode.
2021-11-09 14:28:50.022  INFO 23348 --- [main] .s.d.r.c.RepositoryConfigurationDelegate : Finished Spring Data repository scanning in 16ms. Found 0 Redis repository interfaces.
2021-11-09 14:28:50.271  INFO 23348 --- [main] o.s.cloud.context.scope.GenericScope     : BeanFactory id=fe8ffde0-a58a-3df2-af40-cc55eff54994
2021-11-09 14:28:50.311  INFO 23348 --- [main] faultConfiguringBeanFactoryPostProcessor : No bean named 'errorChannel' has been explicitly defined. Therefore, a default PublishSubscribeChannel will be created.
2021-11-09 14:28:50.316  INFO 23348 --- [main] faultConfiguringBeanFactoryPostProcessor : No bean named 'taskScheduler' has been explicitly defined. Therefore, a default ThreadPoolTaskScheduler will be created.
2021-11-09 14:28:50.319  INFO 23348 --- [main] faultConfiguringBeanFactoryPostProcessor : No bean named 'integrationHeaderChannelRegistry' has been explicitly defined. Therefore, a default DefaultHeaderChannelRegistry will be created.
2021-11-09 14:28:50.349  INFO 23348 --- [main] trationDelegate$BeanPostProcessorChecker : Bean 'com.glcxw.avatar.pay.PayFeign' of type [org.springframework.cloud.openfeign.FeignClientFactoryBean] is not eligible for getting processed by all BeanPostProcessors (for example: not eligible for auto-proxying)
2021-11-09 14:28:50.440  INFO 23348 --- [main] trationDelegate$BeanPostProcessorChecker : Bean 'integrationChannelResolver' of type [org.springframework.integration.support.channel.BeanFactoryChannelResolver] is not eligible for getting processed by all BeanPostProcessors (for example: not eligible for auto-proxying)
2021-11-09 14:28:50.443  INFO 23348 --- [main] trationDelegate$BeanPostProcessorChecker : Bean 'integrationDisposableAutoCreatedBeans' of type [org.springframework.integration.config.annotation.Disposables] is not eligible for getting processed by all BeanPostProcessors (for example: not eligible for auto-proxying)
2021-11-09 14:28:50.455  INFO 23348 --- [main] trationDelegate$BeanPostProcessorChecker : Bean 'org.springframework.integration.config.IntegrationManagementConfiguration' of type [org.springframework.integration.config.IntegrationManagementConfiguration] is not eligible for getting processed by all BeanPostProcessors (for example: not eligible for auto-proxying)
2021-11-09 14:28:50.457  INFO 23348 --- [main] trationDelegate$BeanPostProcessorChecker : Bean 'org.springframework.boot.autoconfigure.integration.IntegrationAutoConfiguration$IntegrationJmxConfiguration' of type [org.springframework.boot.autoconfigure.integration.IntegrationAutoConfiguration$IntegrationJmxConfiguration] is not eligible for getting processed by all BeanPostProcessors (for example: not eligible for auto-proxying)
2021-11-09 14:28:50.465  INFO 23348 --- [main] trationDelegate$BeanPostProcessorChecker : Bean 'org.springframework.boot.autoconfigure.jmx.JmxAutoConfiguration' of type [org.springframework.boot.autoconfigure.jmx.JmxAutoConfiguration] is not eligible for getting processed by all BeanPostProcessors (for example: not eligible for auto-proxying)
2021-11-09 14:28:50.468  INFO 23348 --- [main] trationDelegate$BeanPostProcessorChecker : Bean 'mbeanServer' of type [com.sun.jmx.mbeanserver.JmxMBeanServer] is not eligible for getting processed by all BeanPostProcessors (for example: not eligible for auto-proxying)
2021-11-09 14:28:50.709  INFO 23348 --- [main] o.s.b.w.embedded.tomcat.TomcatWebServer  : Tomcat initialized with port(s): 8004 (http)
2021-11-09 14:28:50.831  INFO 23348 --- [main] o.s.web.context.ContextLoader            : Root WebApplicationContext: initialization completed in 1448 ms
2021-11-09 14:28:51.634  INFO 23348 --- [main] c.n.c.sources.URLConfigurationSource     : URLs to be used as dynamic configuration source: [file:/E:/zhongruan/doc/%e6%a1%82%e6%9e%97%e5%87%ba%e8%a1%8c/PJ-202124-GLCXW/02_%e4%bb%a3%e7%a0%81%e5%8c%ba/cloud/glcxw-cloud/platform-cloud-service-payment/target/classes/config.properties]
2021-11-09 14:28:51.641  INFO 23348 --- [main] c.n.c.sources.URLConfigurationSource     : URLs to be used as dynamic configuration source: [file:/E:/zhongruan/doc/%e6%a1%82%e6%9e%97%e5%87%ba%e8%a1%8c/PJ-202124-GLCXW/02_%e4%bb%a3%e7%a0%81%e5%8c%ba/cloud/glcxw-cloud/platform-cloud-service-payment/target/classes/config.properties]
2021-11-09 14:28:51.732  INFO 23348 --- [main] o.s.s.concurrent.ThreadPoolTaskExecutor  : Initializing ExecutorService 'applicationTaskExecutor'
2021-11-09 14:28:53.318  INFO 23348 --- [main] o.s.cloud.commons.util.InetUtils         : Cannot determine local hostname
2021-11-09 14:28:53.340  INFO 23348 --- [main] o.s.s.c.ThreadPoolTaskScheduler          : Initializing ExecutorService 'taskScheduler'
2021-11-09 14:28:53.455  INFO 23348 --- [main] com.zaxxer.hikari.HikariDataSource       : MyHikariCP - Starting...
2021-11-09 14:28:53.972  INFO 23348 --- [main] com.zaxxer.hikari.HikariDataSource       : MyHikariCP - Start completed.
2021-11-09 14:28:55.660  INFO 23348 --- [main] o.s.cloud.commons.util.InetUtils         : Cannot determine local hostname
2021-11-09 14:28:55.703  INFO 23348 --- [main] onConfiguration$FunctionBindingRegistrar : Functional binding is disabled due to the presense of @EnableBinding annotation in your configuration
2021-11-09 14:28:55.863  INFO 23348 --- [main] o.s.i.monitor.IntegrationMBeanExporter   : Registering MessageChannel myOutput
2021-11-09 14:28:55.935  INFO 23348 --- [main] o.s.i.monitor.IntegrationMBeanExporter   : Registering MessageChannel nullChannel
2021-11-09 14:28:55.947  INFO 23348 --- [main] o.s.i.monitor.IntegrationMBeanExporter   : Registering MessageChannel myInput
2021-11-09 14:28:55.952  INFO 23348 --- [main] o.s.i.monitor.IntegrationMBeanExporter   : Registering MessageChannel errorChannel
2021-11-09 14:28:55.985  INFO 23348 --- [main] o.s.i.monitor.IntegrationMBeanExporter   : Registering MessageHandler errorLogger
2021-11-09 14:28:56.011  INFO 23348 --- [main] o.s.c.s.m.DirectWithAttributesChannel    : Channel 'glcxw-cloud-pay-1.myInput' has 1 subscriber(s).
2021-11-09 14:28:56.013  INFO 23348 --- [main] o.s.i.endpoint.EventDrivenConsumer       : Adding {logging-channel-adapter:_org.springframework.integration.errorLogger} as a subscriber to the 'errorChannel' channel
2021-11-09 14:28:56.013  INFO 23348 --- [main] o.s.i.channel.PublishSubscribeChannel    : Channel 'glcxw-cloud-pay-1.errorChannel' has 1 subscriber(s).
2021-11-09 14:28:56.013  INFO 23348 --- [main] o.s.i.endpoint.EventDrivenConsumer       : started bean '_org.springframework.integration.errorLogger'
2021-11-09 14:28:57.665  WARN 23348 --- [main] c.a.c.n.c.NacosPropertySourceBuilder     : Ignore the empty nacos configuration and get it based on dataId[platform-cloud-service-payment] & group[DEFAULT_GROUP]
2021-11-09 14:28:57.691  WARN 23348 --- [main] c.a.c.n.c.NacosPropertySourceBuilder     : Ignore the empty nacos configuration and get it based on dataId[platform-cloud-service-payment.yml] & group[DEFAULT_GROUP]
2021-11-09 14:28:57.718  WARN 23348 --- [main] c.a.c.n.c.NacosPropertySourceBuilder     : Ignore the empty nacos configuration and get it based on dataId[platform-cloud-service-payment-dev.yml] & group[DEFAULT_GROUP]
2021-11-09 14:28:57.718  INFO 23348 --- [main] b.c.PropertySourceBootstrapConfiguration : Located property source: [BootstrapPropertySource {name='bootstrapProperties-platform-cloud-service-payment-dev.yml,DEFAULT_GROUP'}, BootstrapPropertySource {name='bootstrapProperties-platform-cloud-service-payment.yml,DEFAULT_GROUP'}, BootstrapPropertySource {name='bootstrapProperties-platform-cloud-service-payment,DEFAULT_GROUP'}, BootstrapPropertySource {name='bootstrapProperties-application.yml,DEFAULT_GROUP'}]
2021-11-09 14:40:21.072  INFO 24060 --- [main] com.glcxw.avatar.PayApplication          : The following profiles are active: dev
2021-11-09 14:40:21.473  WARN 24060 --- [main] o.m.s.mapper.ClassPathMapperScanner      : No MyBatis mapper was found in '[com.glcxw.*.mapper]' package. Please check your configuration.
2021-11-09 14:40:21.592  WARN 24060 --- [main] o.m.s.mapper.ClassPathMapperScanner      : No MyBatis mapper was found in '[com.glcxw.avatar]' package. Please check your configuration.
2021-11-09 14:40:21.638  INFO 24060 --- [main] .s.d.r.c.RepositoryConfigurationDelegate : Multiple Spring Data modules found, entering strict repository configuration mode!
2021-11-09 14:40:21.640  INFO 24060 --- [main] .s.d.r.c.RepositoryConfigurationDelegate : Bootstrapping Spring Data Redis repositories in DEFAULT mode.
2021-11-09 14:40:21.664  INFO 24060 --- [main] .s.d.r.c.RepositoryConfigurationDelegate : Finished Spring Data repository scanning in 14ms. Found 0 Redis repository interfaces.
2021-11-09 14:40:21.890  INFO 24060 --- [main] o.s.cloud.context.scope.GenericScope     : BeanFactory id=fe8ffde0-a58a-3df2-af40-cc55eff54994
2021-11-09 14:40:21.931  INFO 24060 --- [main] faultConfiguringBeanFactoryPostProcessor : No bean named 'errorChannel' has been explicitly defined. Therefore, a default PublishSubscribeChannel will be created.
2021-11-09 14:40:21.936  INFO 24060 --- [main] faultConfiguringBeanFactoryPostProcessor : No bean named 'taskScheduler' has been explicitly defined. Therefore, a default ThreadPoolTaskScheduler will be created.
2021-11-09 14:40:21.939  INFO 24060 --- [main] faultConfiguringBeanFactoryPostProcessor : No bean named 'integrationHeaderChannelRegistry' has been explicitly defined. Therefore, a default DefaultHeaderChannelRegistry will be created.
2021-11-09 14:40:21.970  INFO 24060 --- [main] trationDelegate$BeanPostProcessorChecker : Bean 'com.glcxw.avatar.pay.PayFeign' of type [org.springframework.cloud.openfeign.FeignClientFactoryBean] is not eligible for getting processed by all BeanPostProcessors (for example: not eligible for auto-proxying)
2021-11-09 14:40:22.097  INFO 24060 --- [main] trationDelegate$BeanPostProcessorChecker : Bean 'integrationChannelResolver' of type [org.springframework.integration.support.channel.BeanFactoryChannelResolver] is not eligible for getting processed by all BeanPostProcessors (for example: not eligible for auto-proxying)
2021-11-09 14:40:22.099  INFO 24060 --- [main] trationDelegate$BeanPostProcessorChecker : Bean 'integrationDisposableAutoCreatedBeans' of type [org.springframework.integration.config.annotation.Disposables] is not eligible for getting processed by all BeanPostProcessors (for example: not eligible for auto-proxying)
2021-11-09 14:40:22.111  INFO 24060 --- [main] trationDelegate$BeanPostProcessorChecker : Bean 'org.springframework.integration.config.IntegrationManagementConfiguration' of type [org.springframework.integration.config.IntegrationManagementConfiguration] is not eligible for getting processed by all BeanPostProcessors (for example: not eligible for auto-proxying)
2021-11-09 14:40:22.114  INFO 24060 --- [main] trationDelegate$BeanPostProcessorChecker : Bean 'org.springframework.boot.autoconfigure.integration.IntegrationAutoConfiguration$IntegrationJmxConfiguration' of type [org.springframework.boot.autoconfigure.integration.IntegrationAutoConfiguration$IntegrationJmxConfiguration] is not eligible for getting processed by all BeanPostProcessors (for example: not eligible for auto-proxying)
2021-11-09 14:40:22.121  INFO 24060 --- [main] trationDelegate$BeanPostProcessorChecker : Bean 'org.springframework.boot.autoconfigure.jmx.JmxAutoConfiguration' of type [org.springframework.boot.autoconfigure.jmx.JmxAutoConfiguration] is not eligible for getting processed by all BeanPostProcessors (for example: not eligible for auto-proxying)
2021-11-09 14:40:22.124  INFO 24060 --- [main] trationDelegate$BeanPostProcessorChecker : Bean 'mbeanServer' of type [com.sun.jmx.mbeanserver.JmxMBeanServer] is not eligible for getting processed by all BeanPostProcessors (for example: not eligible for auto-proxying)
2021-11-09 14:40:22.335  INFO 24060 --- [main] o.s.b.w.embedded.tomcat.TomcatWebServer  : Tomcat initialized with port(s): 8004 (http)
2021-11-09 14:40:22.454  INFO 24060 --- [main] o.s.web.context.ContextLoader            : Root WebApplicationContext: initialization completed in 1365 ms
2021-11-09 14:40:23.267  INFO 24060 --- [main] c.n.c.sources.URLConfigurationSource     : URLs to be used as dynamic configuration source: [file:/E:/zhongruan/doc/%e6%a1%82%e6%9e%97%e5%87%ba%e8%a1%8c/PJ-202124-GLCXW/02_%e4%bb%a3%e7%a0%81%e5%8c%ba/cloud/glcxw-cloud/platform-cloud-service-payment/target/classes/config.properties]
2021-11-09 14:40:23.274  INFO 24060 --- [main] c.n.c.sources.URLConfigurationSource     : URLs to be used as dynamic configuration source: [file:/E:/zhongruan/doc/%e6%a1%82%e6%9e%97%e5%87%ba%e8%a1%8c/PJ-202124-GLCXW/02_%e4%bb%a3%e7%a0%81%e5%8c%ba/cloud/glcxw-cloud/platform-cloud-service-payment/target/classes/config.properties]
2021-11-09 14:40:23.356  INFO 24060 --- [main] o.s.s.concurrent.ThreadPoolTaskExecutor  : Initializing ExecutorService 'applicationTaskExecutor'
2021-11-09 14:40:24.915  INFO 24060 --- [main] o.s.cloud.commons.util.InetUtils         : Cannot determine local hostname
2021-11-09 14:40:24.947  INFO 24060 --- [main] o.s.s.c.ThreadPoolTaskScheduler          : Initializing ExecutorService 'taskScheduler'
2021-11-09 14:40:25.060  INFO 24060 --- [main] com.zaxxer.hikari.HikariDataSource       : MyHikariCP - Starting...
2021-11-09 14:40:25.461  INFO 24060 --- [main] com.zaxxer.hikari.HikariDataSource       : MyHikariCP - Start completed.
2021-11-09 14:40:27.107  INFO 24060 --- [main] o.s.cloud.commons.util.InetUtils         : Cannot determine local hostname
2021-11-09 14:40:27.145  INFO 24060 --- [main] onConfiguration$FunctionBindingRegistrar : Functional binding is disabled due to the presense of @EnableBinding annotation in your configuration
2021-11-09 14:40:27.310  INFO 24060 --- [main] o.s.i.monitor.IntegrationMBeanExporter   : Registering MessageChannel myInput
2021-11-09 14:40:27.391  INFO 24060 --- [main] o.s.i.monitor.IntegrationMBeanExporter   : Registering MessageChannel errorChannel
2021-11-09 14:40:27.421  INFO 24060 --- [main] o.s.i.monitor.IntegrationMBeanExporter   : Registering MessageChannel myOutput
2021-11-09 14:40:27.426  INFO 24060 --- [main] o.s.i.monitor.IntegrationMBeanExporter   : Registering MessageChannel nullChannel
2021-11-09 14:40:27.438  INFO 24060 --- [main] o.s.i.monitor.IntegrationMBeanExporter   : Registering MessageHandler errorLogger
2021-11-09 14:40:27.463  INFO 24060 --- [main] o.s.c.s.m.DirectWithAttributesChannel    : Channel 'glcxw-cloud-pay-1.myInput' has 1 subscriber(s).
2021-11-09 14:40:27.465  INFO 24060 --- [main] o.s.i.endpoint.EventDrivenConsumer       : Adding {logging-channel-adapter:_org.springframework.integration.errorLogger} as a subscriber to the 'errorChannel' channel
2021-11-09 14:40:27.465  INFO 24060 --- [main] o.s.i.channel.PublishSubscribeChannel    : Channel 'glcxw-cloud-pay-1.errorChannel' has 1 subscriber(s).
2021-11-09 14:40:27.465  INFO 24060 --- [main] o.s.i.endpoint.EventDrivenConsumer       : started bean '_org.springframework.integration.errorLogger'
2021-11-09 14:40:29.042  WARN 24060 --- [main] c.a.c.n.c.NacosPropertySourceBuilder     : Ignore the empty nacos configuration and get it based on dataId[platform-cloud-service-payment] & group[DEFAULT_GROUP]
2021-11-09 14:40:29.076  WARN 24060 --- [main] c.a.c.n.c.NacosPropertySourceBuilder     : Ignore the empty nacos configuration and get it based on dataId[platform-cloud-service-payment.yml] & group[DEFAULT_GROUP]
2021-11-09 14:40:29.107  WARN 24060 --- [main] c.a.c.n.c.NacosPropertySourceBuilder     : Ignore the empty nacos configuration and get it based on dataId[platform-cloud-service-payment-dev.yml] & group[DEFAULT_GROUP]
2021-11-09 14:40:29.108  INFO 24060 --- [main] b.c.PropertySourceBootstrapConfiguration : Located property source: [BootstrapPropertySource {name='bootstrapProperties-platform-cloud-service-payment-dev.yml,DEFAULT_GROUP'}, BootstrapPropertySource {name='bootstrapProperties-platform-cloud-service-payment.yml,DEFAULT_GROUP'}, BootstrapPropertySource {name='bootstrapProperties-platform-cloud-service-payment,DEFAULT_GROUP'}, BootstrapPropertySource {name='bootstrapProperties-application.yml,DEFAULT_GROUP'}]
2021-11-09 14:47:39.265  INFO 6720 --- [main] com.glcxw.avatar.PayApplication          : The following profiles are active: dev
2021-11-09 14:47:39.668  WARN 6720 --- [main] o.m.s.mapper.ClassPathMapperScanner      : No MyBatis mapper was found in '[com.glcxw.*.mapper]' package. Please check your configuration.
2021-11-09 14:47:39.780  WARN 6720 --- [main] o.m.s.mapper.ClassPathMapperScanner      : No MyBatis mapper was found in '[com.glcxw.avatar]' package. Please check your configuration.
2021-11-09 14:47:39.832  INFO 6720 --- [main] .s.d.r.c.RepositoryConfigurationDelegate : Multiple Spring Data modules found, entering strict repository configuration mode!
2021-11-09 14:47:39.834  INFO 6720 --- [main] .s.d.r.c.RepositoryConfigurationDelegate : Bootstrapping Spring Data Redis repositories in DEFAULT mode.
2021-11-09 14:47:39.857  INFO 6720 --- [main] .s.d.r.c.RepositoryConfigurationDelegate : Finished Spring Data repository scanning in 14ms. Found 0 Redis repository interfaces.
2021-11-09 14:47:40.094  INFO 6720 --- [main] o.s.cloud.context.scope.GenericScope     : BeanFactory id=fe8ffde0-a58a-3df2-af40-cc55eff54994
2021-11-09 14:47:40.135  INFO 6720 --- [main] faultConfiguringBeanFactoryPostProcessor : No bean named 'errorChannel' has been explicitly defined. Therefore, a default PublishSubscribeChannel will be created.
2021-11-09 14:47:40.140  INFO 6720 --- [main] faultConfiguringBeanFactoryPostProcessor : No bean named 'taskScheduler' has been explicitly defined. Therefore, a default ThreadPoolTaskScheduler will be created.
2021-11-09 14:47:40.144  INFO 6720 --- [main] faultConfiguringBeanFactoryPostProcessor : No bean named 'integrationHeaderChannelRegistry' has been explicitly defined. Therefore, a default DefaultHeaderChannelRegistry will be created.
2021-11-09 14:47:40.177  INFO 6720 --- [main] trationDelegate$BeanPostProcessorChecker : Bean 'com.glcxw.avatar.pay.PayFeign' of type [org.springframework.cloud.openfeign.FeignClientFactoryBean] is not eligible for getting processed by all BeanPostProcessors (for example: not eligible for auto-proxying)
2021-11-09 14:47:40.296  INFO 6720 --- [main] trationDelegate$BeanPostProcessorChecker : Bean 'integrationChannelResolver' of type [org.springframework.integration.support.channel.BeanFactoryChannelResolver] is not eligible for getting processed by all BeanPostProcessors (for example: not eligible for auto-proxying)
2021-11-09 14:47:40.298  INFO 6720 --- [main] trationDelegate$BeanPostProcessorChecker : Bean 'integrationDisposableAutoCreatedBeans' of type [org.springframework.integration.config.annotation.Disposables] is not eligible for getting processed by all BeanPostProcessors (for example: not eligible for auto-proxying)
2021-11-09 14:47:40.314  INFO 6720 --- [main] trationDelegate$BeanPostProcessorChecker : Bean 'org.springframework.integration.config.IntegrationManagementConfiguration' of type [org.springframework.integration.config.IntegrationManagementConfiguration] is not eligible for getting processed by all BeanPostProcessors (for example: not eligible for auto-proxying)
2021-11-09 14:47:40.317  INFO 6720 --- [main] trationDelegate$BeanPostProcessorChecker : Bean 'org.springframework.boot.autoconfigure.integration.IntegrationAutoConfiguration$IntegrationJmxConfiguration' of type [org.springframework.boot.autoconfigure.integration.IntegrationAutoConfiguration$IntegrationJmxConfiguration] is not eligible for getting processed by all BeanPostProcessors (for example: not eligible for auto-proxying)
2021-11-09 14:47:40.324  INFO 6720 --- [main] trationDelegate$BeanPostProcessorChecker : Bean 'org.springframework.boot.autoconfigure.jmx.JmxAutoConfiguration' of type [org.springframework.boot.autoconfigure.jmx.JmxAutoConfiguration] is not eligible for getting processed by all BeanPostProcessors (for example: not eligible for auto-proxying)
2021-11-09 14:47:40.329  INFO 6720 --- [main] trationDelegate$BeanPostProcessorChecker : Bean 'mbeanServer' of type [com.sun.jmx.mbeanserver.JmxMBeanServer] is not eligible for getting processed by all BeanPostProcessors (for example: not eligible for auto-proxying)
2021-11-09 14:47:40.548  INFO 6720 --- [main] o.s.b.w.embedded.tomcat.TomcatWebServer  : Tomcat initialized with port(s): 8004 (http)
2021-11-09 14:47:40.664  INFO 6720 --- [main] o.s.web.context.ContextLoader            : Root WebApplicationContext: initialization completed in 1383 ms
2021-11-09 14:47:41.483  INFO 6720 --- [main] c.n.c.sources.URLConfigurationSource     : URLs to be used as dynamic configuration source: [file:/E:/zhongruan/doc/%e6%a1%82%e6%9e%97%e5%87%ba%e8%a1%8c/PJ-202124-GLCXW/02_%e4%bb%a3%e7%a0%81%e5%8c%ba/cloud/glcxw-cloud/platform-cloud-service-payment/target/classes/config.properties]
2021-11-09 14:47:41.489  INFO 6720 --- [main] c.n.c.sources.URLConfigurationSource     : URLs to be used as dynamic configuration source: [file:/E:/zhongruan/doc/%e6%a1%82%e6%9e%97%e5%87%ba%e8%a1%8c/PJ-202124-GLCXW/02_%e4%bb%a3%e7%a0%81%e5%8c%ba/cloud/glcxw-cloud/platform-cloud-service-payment/target/classes/config.properties]
2021-11-09 14:47:41.575  INFO 6720 --- [main] o.s.s.concurrent.ThreadPoolTaskExecutor  : Initializing ExecutorService 'applicationTaskExecutor'
2021-11-09 14:47:43.145  INFO 6720 --- [main] o.s.cloud.commons.util.InetUtils         : Cannot determine local hostname
2021-11-09 14:47:43.166  INFO 6720 --- [main] o.s.s.c.ThreadPoolTaskScheduler          : Initializing ExecutorService 'taskScheduler'
2021-11-09 14:47:43.290  INFO 6720 --- [main] com.zaxxer.hikari.HikariDataSource       : MyHikariCP - Starting...
2021-11-09 14:47:43.693  INFO 6720 --- [main] com.zaxxer.hikari.HikariDataSource       : MyHikariCP - Start completed.
2021-11-09 14:47:45.364  INFO 6720 --- [main] o.s.cloud.commons.util.InetUtils         : Cannot determine local hostname
2021-11-09 14:47:45.409  INFO 6720 --- [main] onConfiguration$FunctionBindingRegistrar : Functional binding is disabled due to the presense of @EnableBinding annotation in your configuration
2021-11-09 14:47:45.576  INFO 6720 --- [main] o.s.i.monitor.IntegrationMBeanExporter   : Registering MessageChannel errorChannel
2021-11-09 14:47:45.665  INFO 6720 --- [main] o.s.i.monitor.IntegrationMBeanExporter   : Registering MessageChannel nullChannel
2021-11-09 14:47:45.675  INFO 6720 --- [main] o.s.i.monitor.IntegrationMBeanExporter   : Registering MessageChannel myInput
2021-11-09 14:47:45.702  INFO 6720 --- [main] o.s.i.monitor.IntegrationMBeanExporter   : Registering MessageChannel myOutput
2021-11-09 14:47:45.710  INFO 6720 --- [main] o.s.i.monitor.IntegrationMBeanExporter   : Registering MessageHandler errorLogger
2021-11-09 14:47:45.735  INFO 6720 --- [main] o.s.c.s.m.DirectWithAttributesChannel    : Channel 'glcxw-cloud-pay-1.myInput' has 1 subscriber(s).
2021-11-09 14:47:45.736  INFO 6720 --- [main] o.s.i.endpoint.EventDrivenConsumer       : Adding {logging-channel-adapter:_org.springframework.integration.errorLogger} as a subscriber to the 'errorChannel' channel
2021-11-09 14:47:45.737  INFO 6720 --- [main] o.s.i.channel.PublishSubscribeChannel    : Channel 'glcxw-cloud-pay-1.errorChannel' has 1 subscriber(s).
2021-11-09 14:47:45.737  INFO 6720 --- [main] o.s.i.endpoint.EventDrivenConsumer       : started bean '_org.springframework.integration.errorLogger'
2021-11-09 14:47:47.315  WARN 6720 --- [main] c.a.c.n.c.NacosPropertySourceBuilder     : Ignore the empty nacos configuration and get it based on dataId[platform-cloud-service-payment] & group[DEFAULT_GROUP]
2021-11-09 14:47:47.344  WARN 6720 --- [main] c.a.c.n.c.NacosPropertySourceBuilder     : Ignore the empty nacos configuration and get it based on dataId[platform-cloud-service-payment.yml] & group[DEFAULT_GROUP]
2021-11-09 14:47:47.374  WARN 6720 --- [main] c.a.c.n.c.NacosPropertySourceBuilder     : Ignore the empty nacos configuration and get it based on dataId[platform-cloud-service-payment-dev.yml] & group[DEFAULT_GROUP]
2021-11-09 14:47:47.374  INFO 6720 --- [main] b.c.PropertySourceBootstrapConfiguration : Located property source: [BootstrapPropertySource {name='bootstrapProperties-platform-cloud-service-payment-dev.yml,DEFAULT_GROUP'}, BootstrapPropertySource {name='bootstrapProperties-platform-cloud-service-payment.yml,DEFAULT_GROUP'}, BootstrapPropertySource {name='bootstrapProperties-platform-cloud-service-payment,DEFAULT_GROUP'}, BootstrapPropertySource {name='bootstrapProperties-application.yml,DEFAULT_GROUP'}]
