2021-11-09 13:55:35.372  INFO 22764 --- [main] com.glcxw.base.BaseApplication           : The following profiles are active: dev
2021-11-09 13:55:36.001  INFO 22764 --- [main] .s.d.r.c.RepositoryConfigurationDelegate : Multiple Spring Data modules found, entering strict repository configuration mode!
2021-11-09 13:55:36.003  INFO 22764 --- [main] .s.d.r.c.RepositoryConfigurationDelegate : Bootstrapping Spring Data Redis repositories in DEFAULT mode.
2021-11-09 13:55:36.025  INFO 22764 --- [main] .s.d.r.c.RepositoryConfigurationDelegate : Finished Spring Data repository scanning in 10ms. Found 0 Redis repository interfaces.
2021-11-09 13:55:36.259  INFO 22764 --- [main] o.s.cloud.context.scope.GenericScope     : BeanFactory id=62c8ad6c-6429-3eb8-98ac-1a462f7b4294
2021-11-09 13:55:36.302  INFO 22764 --- [main] faultConfiguringBeanFactoryPostProcessor : No bean named 'errorChannel' has been explicitly defined. Therefore, a default PublishSubscribeChannel will be created.
2021-11-09 13:55:36.307  INFO 22764 --- [main] faultConfiguringBeanFactoryPostProcessor : No bean named 'taskScheduler' has been explicitly defined. Therefore, a default ThreadPoolTaskScheduler will be created.
2021-11-09 13:55:36.310  INFO 22764 --- [main] faultConfiguringBeanFactoryPostProcessor : No bean named 'integrationHeaderChannelRegistry' has been explicitly defined. Therefore, a default DefaultHeaderChannelRegistry will be created.
2021-11-09 13:55:36.342  INFO 22764 --- [main] trationDelegate$BeanPostProcessorChecker : Bean 'com.glcxw.avatar.pay.PayFeign' of type [org.springframework.cloud.openfeign.FeignClientFactoryBean] is not eligible for getting processed by all BeanPostProcessors (for example: not eligible for auto-proxying)
2021-11-09 13:55:36.471  INFO 22764 --- [main] trationDelegate$BeanPostProcessorChecker : Bean 'org.springframework.integration.config.IntegrationManagementConfiguration' of type [org.springframework.integration.config.IntegrationManagementConfiguration] is not eligible for getting processed by all BeanPostProcessors (for example: not eligible for auto-proxying)
2021-11-09 13:55:36.474  INFO 22764 --- [main] trationDelegate$BeanPostProcessorChecker : Bean 'org.springframework.boot.autoconfigure.integration.IntegrationAutoConfiguration$IntegrationJmxConfiguration' of type [org.springframework.boot.autoconfigure.integration.IntegrationAutoConfiguration$IntegrationJmxConfiguration] is not eligible for getting processed by all BeanPostProcessors (for example: not eligible for auto-proxying)
2021-11-09 13:55:36.483  INFO 22764 --- [main] trationDelegate$BeanPostProcessorChecker : Bean 'org.springframework.boot.autoconfigure.jmx.JmxAutoConfiguration' of type [org.springframework.boot.autoconfigure.jmx.JmxAutoConfiguration] is not eligible for getting processed by all BeanPostProcessors (for example: not eligible for auto-proxying)
2021-11-09 13:55:36.487  INFO 22764 --- [main] trationDelegate$BeanPostProcessorChecker : Bean 'mbeanServer' of type [com.sun.jmx.mbeanserver.JmxMBeanServer] is not eligible for getting processed by all BeanPostProcessors (for example: not eligible for auto-proxying)
2021-11-09 13:55:36.498  INFO 22764 --- [main] trationDelegate$BeanPostProcessorChecker : Bean 'integrationChannelResolver' of type [org.springframework.integration.support.channel.BeanFactoryChannelResolver] is not eligible for getting processed by all BeanPostProcessors (for example: not eligible for auto-proxying)
2021-11-09 13:55:36.499  INFO 22764 --- [main] trationDelegate$BeanPostProcessorChecker : Bean 'integrationDisposableAutoCreatedBeans' of type [org.springframework.integration.config.annotation.Disposables] is not eligible for getting processed by all BeanPostProcessors (for example: not eligible for auto-proxying)
2021-11-09 13:55:36.736  INFO 22764 --- [main] o.s.b.w.embedded.tomcat.TomcatWebServer  : Tomcat initialized with port(s): 8001 (http)
2021-11-09 13:55:36.870  INFO 22764 --- [main] o.s.web.context.ContextLoader            : Root WebApplicationContext: initialization completed in 1473 ms
2021-11-09 13:55:37.286  INFO 22764 --- [main] com.zaxxer.hikari.HikariDataSource       : MyHikariCP - Starting...
2021-11-09 13:55:37.834  INFO 22764 --- [main] com.zaxxer.hikari.HikariDataSource       : MyHikariCP - Start completed.
2021-11-09 13:55:38.184  INFO 22764 --- [main] o.s.s.c.ThreadPoolTaskScheduler          : Initializing ExecutorService 'taskScheduler'
2021-11-09 13:55:38.726  INFO 22764 --- [main] c.n.c.sources.URLConfigurationSource     : URLs to be used as dynamic configuration source: [file:/E:/zhongruan/doc/%e6%a1%82%e6%9e%97%e5%87%ba%e8%a1%8c/PJ-202124-GLCXW/02_%e4%bb%a3%e7%a0%81%e5%8c%ba/cloud/glcxw-cloud/platform-cloud-service-base/target/classes/config.properties]
2021-11-09 13:55:38.733  INFO 22764 --- [main] c.n.c.sources.URLConfigurationSource     : URLs to be used as dynamic configuration source: [file:/E:/zhongruan/doc/%e6%a1%82%e6%9e%97%e5%87%ba%e8%a1%8c/PJ-202124-GLCXW/02_%e4%bb%a3%e7%a0%81%e5%8c%ba/cloud/glcxw-cloud/platform-cloud-service-base/target/classes/config.properties]
2021-11-09 13:55:38.844  INFO 22764 --- [main] o.s.s.concurrent.ThreadPoolTaskExecutor  : Initializing ExecutorService 'applicationTaskExecutor'
2021-11-09 13:55:40.425  INFO 22764 --- [main] o.s.cloud.commons.util.InetUtils         : Cannot determine local hostname
2021-11-09 13:55:42.150  INFO 22764 --- [main] o.s.cloud.commons.util.InetUtils         : Cannot determine local hostname
2021-11-09 13:55:42.218  INFO 22764 --- [main] c.f.c.c.BeanFactoryAwareFunctionRegistry : Looking up function 'null' with acceptedOutputTypes: []
2021-11-09 13:55:42.420  INFO 22764 --- [main] o.s.i.monitor.IntegrationMBeanExporter   : Registering MessageChannel errorChannel
2021-11-09 13:55:42.477  INFO 22764 --- [main] o.s.i.monitor.IntegrationMBeanExporter   : Registering MessageChannel nullChannel
2021-11-09 13:55:42.489  INFO 22764 --- [main] o.s.i.monitor.IntegrationMBeanExporter   : Registering MessageHandler errorLogger
2021-11-09 13:55:42.511  INFO 22764 --- [main] o.s.i.endpoint.EventDrivenConsumer       : Adding {logging-channel-adapter:_org.springframework.integration.errorLogger} as a subscriber to the 'errorChannel' channel
2021-11-09 13:55:42.511  INFO 22764 --- [main] o.s.i.channel.PublishSubscribeChannel    : Channel 'glcxw-cloud-base-1.errorChannel' has 1 subscriber(s).
2021-11-09 13:55:42.511  INFO 22764 --- [main] o.s.i.endpoint.EventDrivenConsumer       : started bean '_org.springframework.integration.errorLogger'
2021-11-09 13:55:42.542  INFO 22764 --- [main] o.s.b.w.embedded.tomcat.TomcatWebServer  : Tomcat started on port(s): 8001 (http) with context path ''
2021-11-09 13:55:42.619  INFO 22764 --- [main] c.a.c.n.registry.NacosServiceRegistry    : nacos registry, DEFAULT_GROUP platform-cloud-base 172.18.20.153:8001 register finished
2021-11-09 13:55:44.158  INFO 22764 --- [main] o.s.cloud.commons.util.InetUtils         : Cannot determine local hostname
2021-11-09 13:55:44.163  INFO 22764 --- [main] com.glcxw.base.BaseApplication           : Started BaseApplication in 13.376 seconds (JVM running for 14.527)
2021-11-09 13:55:44.167  INFO 22764 --- [main] com.glcxw.base.BaseApplication           : base service start success
2021-11-09 14:15:48.367  INFO 22536 --- [main] com.glcxw.base.BaseApplication           : The following profiles are active: dev
2021-11-09 14:15:48.935  INFO 22536 --- [main] .s.d.r.c.RepositoryConfigurationDelegate : Multiple Spring Data modules found, entering strict repository configuration mode!
2021-11-09 14:15:48.937  INFO 22536 --- [main] .s.d.r.c.RepositoryConfigurationDelegate : Bootstrapping Spring Data Redis repositories in DEFAULT mode.
2021-11-09 14:15:48.959  INFO 22536 --- [main] .s.d.r.c.RepositoryConfigurationDelegate : Finished Spring Data repository scanning in 12ms. Found 0 Redis repository interfaces.
2021-11-09 14:15:49.187  INFO 22536 --- [main] o.s.cloud.context.scope.GenericScope     : BeanFactory id=62c8ad6c-6429-3eb8-98ac-1a462f7b4294
2021-11-09 14:15:49.227  INFO 22536 --- [main] faultConfiguringBeanFactoryPostProcessor : No bean named 'errorChannel' has been explicitly defined. Therefore, a default PublishSubscribeChannel will be created.
2021-11-09 14:15:49.232  INFO 22536 --- [main] faultConfiguringBeanFactoryPostProcessor : No bean named 'taskScheduler' has been explicitly defined. Therefore, a default ThreadPoolTaskScheduler will be created.
2021-11-09 14:15:49.236  INFO 22536 --- [main] faultConfiguringBeanFactoryPostProcessor : No bean named 'integrationHeaderChannelRegistry' has been explicitly defined. Therefore, a default DefaultHeaderChannelRegistry will be created.
2021-11-09 14:15:49.264  INFO 22536 --- [main] trationDelegate$BeanPostProcessorChecker : Bean 'com.glcxw.avatar.pay.PayFeign' of type [org.springframework.cloud.openfeign.FeignClientFactoryBean] is not eligible for getting processed by all BeanPostProcessors (for example: not eligible for auto-proxying)
2021-11-09 14:15:49.396  INFO 22536 --- [main] trationDelegate$BeanPostProcessorChecker : Bean 'org.springframework.integration.config.IntegrationManagementConfiguration' of type [org.springframework.integration.config.IntegrationManagementConfiguration] is not eligible for getting processed by all BeanPostProcessors (for example: not eligible for auto-proxying)
2021-11-09 14:15:49.399  INFO 22536 --- [main] trationDelegate$BeanPostProcessorChecker : Bean 'org.springframework.boot.autoconfigure.integration.IntegrationAutoConfiguration$IntegrationJmxConfiguration' of type [org.springframework.boot.autoconfigure.integration.IntegrationAutoConfiguration$IntegrationJmxConfiguration] is not eligible for getting processed by all BeanPostProcessors (for example: not eligible for auto-proxying)
2021-11-09 14:15:49.406  INFO 22536 --- [main] trationDelegate$BeanPostProcessorChecker : Bean 'org.springframework.boot.autoconfigure.jmx.JmxAutoConfiguration' of type [org.springframework.boot.autoconfigure.jmx.JmxAutoConfiguration] is not eligible for getting processed by all BeanPostProcessors (for example: not eligible for auto-proxying)
2021-11-09 14:15:49.410  INFO 22536 --- [main] trationDelegate$BeanPostProcessorChecker : Bean 'mbeanServer' of type [com.sun.jmx.mbeanserver.JmxMBeanServer] is not eligible for getting processed by all BeanPostProcessors (for example: not eligible for auto-proxying)
2021-11-09 14:15:49.420  INFO 22536 --- [main] trationDelegate$BeanPostProcessorChecker : Bean 'integrationChannelResolver' of type [org.springframework.integration.support.channel.BeanFactoryChannelResolver] is not eligible for getting processed by all BeanPostProcessors (for example: not eligible for auto-proxying)
2021-11-09 14:15:49.421  INFO 22536 --- [main] trationDelegate$BeanPostProcessorChecker : Bean 'integrationDisposableAutoCreatedBeans' of type [org.springframework.integration.config.annotation.Disposables] is not eligible for getting processed by all BeanPostProcessors (for example: not eligible for auto-proxying)
2021-11-09 14:15:49.636  INFO 22536 --- [main] o.s.b.w.embedded.tomcat.TomcatWebServer  : Tomcat initialized with port(s): 8001 (http)
2021-11-09 14:15:49.753  INFO 22536 --- [main] o.s.web.context.ContextLoader            : Root WebApplicationContext: initialization completed in 1369 ms
2021-11-09 14:15:50.088  INFO 22536 --- [main] com.zaxxer.hikari.HikariDataSource       : MyHikariCP - Starting...
2021-11-09 14:15:50.638  INFO 22536 --- [main] com.zaxxer.hikari.HikariDataSource       : MyHikariCP - Start completed.
2021-11-09 14:15:50.760  WARN 22536 --- [main] ConfigServletWebServerApplicationContext : Exception encountered during context initialization - cancelling refresh attempt: org.springframework.beans.factory.UnsatisfiedDependencyException: Error creating bean with name 'testController': Unsatisfied dependency expressed through field 'testStreamClient'; nested exception is org.springframework.beans.factory.NoSuchBeanDefinitionException: No qualifying bean of type 'com.glcxw.avatar.rabbit.TestStreamClient' available: expected at least 1 bean which qualifies as autowire candidate. Dependency annotations: {@org.springframework.beans.factory.annotation.Autowired(required=true)}
2021-11-09 14:15:50.761  INFO 22536 --- [main] com.zaxxer.hikari.HikariDataSource       : MyHikariCP - Shutdown initiated...
2021-11-09 14:15:50.765  INFO 22536 --- [main] com.zaxxer.hikari.HikariDataSource       : MyHikariCP - Shutdown completed.
2021-11-09 14:15:50.798  INFO 22536 --- [main] ConditionEvaluationReportLoggingListener : 

Error starting ApplicationContext. To display the conditions report re-run your application with 'debug' enabled.
2021-11-09 14:15:50.942 ERROR 22536 --- [main] o.s.b.d.LoggingFailureAnalysisReporter   : 

***************************
APPLICATION FAILED TO START
***************************

Description:

Field testStreamClient in com.glcxw.base.controller.TestController required a bean of type 'com.glcxw.avatar.rabbit.TestStreamClient' that could not be found.

The injection point has the following annotations:
	- @org.springframework.beans.factory.annotation.Autowired(required=true)


Action:

Consider defining a bean of type 'com.glcxw.avatar.rabbit.TestStreamClient' in your configuration.

2021-11-09 14:23:15.576  INFO 24492 --- [main] com.glcxw.base.BaseApplication           : The following profiles are active: dev
2021-11-09 14:23:16.152  INFO 24492 --- [main] .s.d.r.c.RepositoryConfigurationDelegate : Multiple Spring Data modules found, entering strict repository configuration mode!
2021-11-09 14:23:16.154  INFO 24492 --- [main] .s.d.r.c.RepositoryConfigurationDelegate : Bootstrapping Spring Data Redis repositories in DEFAULT mode.
2021-11-09 14:23:16.172  INFO 24492 --- [main] .s.d.r.c.RepositoryConfigurationDelegate : Finished Spring Data repository scanning in 9ms. Found 0 Redis repository interfaces.
2021-11-09 14:23:16.398  INFO 24492 --- [main] o.s.cloud.context.scope.GenericScope     : BeanFactory id=192e31b1-4d75-350a-86a7-89f96feb09c7
2021-11-09 14:23:16.448  INFO 24492 --- [main] faultConfiguringBeanFactoryPostProcessor : No bean named 'errorChannel' has been explicitly defined. Therefore, a default PublishSubscribeChannel will be created.
2021-11-09 14:23:16.454  INFO 24492 --- [main] faultConfiguringBeanFactoryPostProcessor : No bean named 'taskScheduler' has been explicitly defined. Therefore, a default ThreadPoolTaskScheduler will be created.
2021-11-09 14:23:16.457  INFO 24492 --- [main] faultConfiguringBeanFactoryPostProcessor : No bean named 'integrationHeaderChannelRegistry' has been explicitly defined. Therefore, a default DefaultHeaderChannelRegistry will be created.
2021-11-09 14:23:16.491  INFO 24492 --- [main] trationDelegate$BeanPostProcessorChecker : Bean 'com.glcxw.avatar.pay.PayFeign' of type [org.springframework.cloud.openfeign.FeignClientFactoryBean] is not eligible for getting processed by all BeanPostProcessors (for example: not eligible for auto-proxying)
2021-11-09 14:23:16.638  INFO 24492 --- [main] trationDelegate$BeanPostProcessorChecker : Bean 'integrationChannelResolver' of type [org.springframework.integration.support.channel.BeanFactoryChannelResolver] is not eligible for getting processed by all BeanPostProcessors (for example: not eligible for auto-proxying)
2021-11-09 14:23:16.645  INFO 24492 --- [main] trationDelegate$BeanPostProcessorChecker : Bean 'integrationDisposableAutoCreatedBeans' of type [org.springframework.integration.config.annotation.Disposables] is not eligible for getting processed by all BeanPostProcessors (for example: not eligible for auto-proxying)
2021-11-09 14:23:16.690  INFO 24492 --- [main] trationDelegate$BeanPostProcessorChecker : Bean 'org.springframework.integration.config.IntegrationManagementConfiguration' of type [org.springframework.integration.config.IntegrationManagementConfiguration] is not eligible for getting processed by all BeanPostProcessors (for example: not eligible for auto-proxying)
2021-11-09 14:23:16.696  INFO 24492 --- [main] trationDelegate$BeanPostProcessorChecker : Bean 'org.springframework.boot.autoconfigure.integration.IntegrationAutoConfiguration$IntegrationJmxConfiguration' of type [org.springframework.boot.autoconfigure.integration.IntegrationAutoConfiguration$IntegrationJmxConfiguration] is not eligible for getting processed by all BeanPostProcessors (for example: not eligible for auto-proxying)
2021-11-09 14:23:16.711  INFO 24492 --- [main] trationDelegate$BeanPostProcessorChecker : Bean 'org.springframework.boot.autoconfigure.jmx.JmxAutoConfiguration' of type [org.springframework.boot.autoconfigure.jmx.JmxAutoConfiguration] is not eligible for getting processed by all BeanPostProcessors (for example: not eligible for auto-proxying)
2021-11-09 14:23:16.718  INFO 24492 --- [main] trationDelegate$BeanPostProcessorChecker : Bean 'mbeanServer' of type [com.sun.jmx.mbeanserver.JmxMBeanServer] is not eligible for getting processed by all BeanPostProcessors (for example: not eligible for auto-proxying)
2021-11-09 14:23:16.945  INFO 24492 --- [main] o.s.b.w.embedded.tomcat.TomcatWebServer  : Tomcat initialized with port(s): 8001 (http)
2021-11-09 14:23:17.067  INFO 24492 --- [main] o.s.web.context.ContextLoader            : Root WebApplicationContext: initialization completed in 1474 ms
2021-11-09 14:23:17.425  INFO 24492 --- [main] com.zaxxer.hikari.HikariDataSource       : MyHikariCP - Starting...
2021-11-09 14:23:17.803  INFO 24492 --- [main] com.zaxxer.hikari.HikariDataSource       : MyHikariCP - Start completed.
2021-11-09 14:23:18.475  INFO 24492 --- [main] c.n.c.sources.URLConfigurationSource     : URLs to be used as dynamic configuration source: [file:/E:/zhongruan/doc/%e6%a1%82%e6%9e%97%e5%87%ba%e8%a1%8c/PJ-202124-GLCXW/02_%e4%bb%a3%e7%a0%81%e5%8c%ba/cloud/glcxw-cloud/platform-cloud-service-base/target/classes/config.properties]
2021-11-09 14:23:18.482  INFO 24492 --- [main] c.n.c.sources.URLConfigurationSource     : URLs to be used as dynamic configuration source: [file:/E:/zhongruan/doc/%e6%a1%82%e6%9e%97%e5%87%ba%e8%a1%8c/PJ-202124-GLCXW/02_%e4%bb%a3%e7%a0%81%e5%8c%ba/cloud/glcxw-cloud/platform-cloud-service-base/target/classes/config.properties]
2021-11-09 14:23:18.572  INFO 24492 --- [main] o.s.s.concurrent.ThreadPoolTaskExecutor  : Initializing ExecutorService 'applicationTaskExecutor'
2021-11-09 14:23:20.159  INFO 24492 --- [main] o.s.cloud.commons.util.InetUtils         : Cannot determine local hostname
2021-11-09 14:23:20.195  INFO 24492 --- [main] o.s.s.c.ThreadPoolTaskScheduler          : Initializing ExecutorService 'taskScheduler'
2021-11-09 14:23:21.907  INFO 24492 --- [main] o.s.cloud.commons.util.InetUtils         : Cannot determine local hostname
2021-11-09 14:23:21.972  INFO 24492 --- [main] onConfiguration$FunctionBindingRegistrar : Functional binding is disabled due to the presense of @EnableBinding annotation in your configuration
2021-11-09 14:23:22.159  INFO 24492 --- [main] o.s.i.monitor.IntegrationMBeanExporter   : Registering MessageChannel errorChannel
2021-11-09 14:23:22.217  INFO 24492 --- [main] o.s.i.monitor.IntegrationMBeanExporter   : Registering MessageChannel myOutput
2021-11-09 14:23:22.245  INFO 24492 --- [main] o.s.i.monitor.IntegrationMBeanExporter   : Registering MessageChannel myInput
2021-11-09 14:23:22.251  INFO 24492 --- [main] o.s.i.monitor.IntegrationMBeanExporter   : Registering MessageChannel nullChannel
2021-11-09 14:23:22.263  INFO 24492 --- [main] o.s.i.monitor.IntegrationMBeanExporter   : Registering MessageHandler errorLogger
2021-11-09 14:23:22.286  INFO 24492 --- [main] o.s.i.endpoint.EventDrivenConsumer       : Adding {logging-channel-adapter:_org.springframework.integration.errorLogger} as a subscriber to the 'errorChannel' channel
2021-11-09 14:23:22.286  INFO 24492 --- [main] o.s.i.channel.PublishSubscribeChannel    : Channel 'glcxw-cloud-base-1.errorChannel' has 1 subscriber(s).
2021-11-09 14:23:22.286  INFO 24492 --- [main] o.s.i.endpoint.EventDrivenConsumer       : started bean '_org.springframework.integration.errorLogger'
2021-11-09 14:23:23.895  WARN 24492 --- [main] c.a.c.n.c.NacosPropertySourceBuilder     : Ignore the empty nacos configuration and get it based on dataId[platform-cloud-base] & group[DEFAULT_GROUP]
2021-11-09 14:23:23.926  WARN 24492 --- [main] c.a.c.n.c.NacosPropertySourceBuilder     : Ignore the empty nacos configuration and get it based on dataId[platform-cloud-base.yml] & group[DEFAULT_GROUP]
2021-11-09 14:23:23.956  WARN 24492 --- [main] c.a.c.n.c.NacosPropertySourceBuilder     : Ignore the empty nacos configuration and get it based on dataId[platform-cloud-base-dev.yml] & group[DEFAULT_GROUP]
2021-11-09 14:23:23.956  INFO 24492 --- [main] b.c.PropertySourceBootstrapConfiguration : Located property source: [BootstrapPropertySource {name='bootstrapProperties-platform-cloud-base-dev.yml,DEFAULT_GROUP'}, BootstrapPropertySource {name='bootstrapProperties-platform-cloud-base.yml,DEFAULT_GROUP'}, BootstrapPropertySource {name='bootstrapProperties-platform-cloud-base,DEFAULT_GROUP'}, BootstrapPropertySource {name='bootstrapProperties-application.yml,DEFAULT_GROUP'}]
2021-11-09 14:29:21.972  INFO 2348 --- [main] com.glcxw.base.BaseApplication           : The following profiles are active: dev
2021-11-09 14:29:22.531  INFO 2348 --- [main] .s.d.r.c.RepositoryConfigurationDelegate : Multiple Spring Data modules found, entering strict repository configuration mode!
2021-11-09 14:29:22.532  INFO 2348 --- [main] .s.d.r.c.RepositoryConfigurationDelegate : Bootstrapping Spring Data Redis repositories in DEFAULT mode.
2021-11-09 14:29:22.552  INFO 2348 --- [main] .s.d.r.c.RepositoryConfigurationDelegate : Finished Spring Data repository scanning in 10ms. Found 0 Redis repository interfaces.
2021-11-09 14:29:22.781  INFO 2348 --- [main] o.s.cloud.context.scope.GenericScope     : BeanFactory id=192e31b1-4d75-350a-86a7-89f96feb09c7
2021-11-09 14:29:22.821  INFO 2348 --- [main] faultConfiguringBeanFactoryPostProcessor : No bean named 'errorChannel' has been explicitly defined. Therefore, a default PublishSubscribeChannel will be created.
2021-11-09 14:29:22.826  INFO 2348 --- [main] faultConfiguringBeanFactoryPostProcessor : No bean named 'taskScheduler' has been explicitly defined. Therefore, a default ThreadPoolTaskScheduler will be created.
2021-11-09 14:29:22.829  INFO 2348 --- [main] faultConfiguringBeanFactoryPostProcessor : No bean named 'integrationHeaderChannelRegistry' has been explicitly defined. Therefore, a default DefaultHeaderChannelRegistry will be created.
2021-11-09 14:29:22.859  INFO 2348 --- [main] trationDelegate$BeanPostProcessorChecker : Bean 'com.glcxw.avatar.pay.PayFeign' of type [org.springframework.cloud.openfeign.FeignClientFactoryBean] is not eligible for getting processed by all BeanPostProcessors (for example: not eligible for auto-proxying)
2021-11-09 14:29:22.958  INFO 2348 --- [main] trationDelegate$BeanPostProcessorChecker : Bean 'integrationChannelResolver' of type [org.springframework.integration.support.channel.BeanFactoryChannelResolver] is not eligible for getting processed by all BeanPostProcessors (for example: not eligible for auto-proxying)
2021-11-09 14:29:22.960  INFO 2348 --- [main] trationDelegate$BeanPostProcessorChecker : Bean 'integrationDisposableAutoCreatedBeans' of type [org.springframework.integration.config.annotation.Disposables] is not eligible for getting processed by all BeanPostProcessors (for example: not eligible for auto-proxying)
2021-11-09 14:29:22.974  INFO 2348 --- [main] trationDelegate$BeanPostProcessorChecker : Bean 'org.springframework.integration.config.IntegrationManagementConfiguration' of type [org.springframework.integration.config.IntegrationManagementConfiguration] is not eligible for getting processed by all BeanPostProcessors (for example: not eligible for auto-proxying)
2021-11-09 14:29:22.976  INFO 2348 --- [main] trationDelegate$BeanPostProcessorChecker : Bean 'org.springframework.boot.autoconfigure.integration.IntegrationAutoConfiguration$IntegrationJmxConfiguration' of type [org.springframework.boot.autoconfigure.integration.IntegrationAutoConfiguration$IntegrationJmxConfiguration] is not eligible for getting processed by all BeanPostProcessors (for example: not eligible for auto-proxying)
2021-11-09 14:29:22.984  INFO 2348 --- [main] trationDelegate$BeanPostProcessorChecker : Bean 'org.springframework.boot.autoconfigure.jmx.JmxAutoConfiguration' of type [org.springframework.boot.autoconfigure.jmx.JmxAutoConfiguration] is not eligible for getting processed by all BeanPostProcessors (for example: not eligible for auto-proxying)
2021-11-09 14:29:22.989  INFO 2348 --- [main] trationDelegate$BeanPostProcessorChecker : Bean 'mbeanServer' of type [com.sun.jmx.mbeanserver.JmxMBeanServer] is not eligible for getting processed by all BeanPostProcessors (for example: not eligible for auto-proxying)
2021-11-09 14:29:23.214  INFO 2348 --- [main] o.s.b.w.embedded.tomcat.TomcatWebServer  : Tomcat initialized with port(s): 8001 (http)
2021-11-09 14:29:23.343  INFO 2348 --- [main] o.s.web.context.ContextLoader            : Root WebApplicationContext: initialization completed in 1353 ms
2021-11-09 14:29:23.671  INFO 2348 --- [main] com.zaxxer.hikari.HikariDataSource       : MyHikariCP - Starting...
2021-11-09 14:29:24.035  INFO 2348 --- [main] com.zaxxer.hikari.HikariDataSource       : MyHikariCP - Start completed.
2021-11-09 14:29:24.731  INFO 2348 --- [main] c.n.c.sources.URLConfigurationSource     : URLs to be used as dynamic configuration source: [file:/E:/zhongruan/doc/%e6%a1%82%e6%9e%97%e5%87%ba%e8%a1%8c/PJ-202124-GLCXW/02_%e4%bb%a3%e7%a0%81%e5%8c%ba/cloud/glcxw-cloud/platform-cloud-service-base/target/classes/config.properties]
2021-11-09 14:29:24.736  INFO 2348 --- [main] c.n.c.sources.URLConfigurationSource     : URLs to be used as dynamic configuration source: [file:/E:/zhongruan/doc/%e6%a1%82%e6%9e%97%e5%87%ba%e8%a1%8c/PJ-202124-GLCXW/02_%e4%bb%a3%e7%a0%81%e5%8c%ba/cloud/glcxw-cloud/platform-cloud-service-base/target/classes/config.properties]
2021-11-09 14:29:24.832  INFO 2348 --- [main] o.s.s.concurrent.ThreadPoolTaskExecutor  : Initializing ExecutorService 'applicationTaskExecutor'
2021-11-09 14:29:26.439  INFO 2348 --- [main] o.s.cloud.commons.util.InetUtils         : Cannot determine local hostname
2021-11-09 14:29:26.484  INFO 2348 --- [main] o.s.s.c.ThreadPoolTaskScheduler          : Initializing ExecutorService 'taskScheduler'
2021-11-09 14:29:28.211  INFO 2348 --- [main] o.s.cloud.commons.util.InetUtils         : Cannot determine local hostname
2021-11-09 14:29:28.250  INFO 2348 --- [main] onConfiguration$FunctionBindingRegistrar : Functional binding is disabled due to the presense of @EnableBinding annotation in your configuration
2021-11-09 14:29:28.407  INFO 2348 --- [main] o.s.i.monitor.IntegrationMBeanExporter   : Registering MessageChannel myOutput
2021-11-09 14:29:28.466  INFO 2348 --- [main] o.s.i.monitor.IntegrationMBeanExporter   : Registering MessageChannel myInput
2021-11-09 14:29:28.473  INFO 2348 --- [main] o.s.i.monitor.IntegrationMBeanExporter   : Registering MessageChannel nullChannel
2021-11-09 14:29:28.483  INFO 2348 --- [main] o.s.i.monitor.IntegrationMBeanExporter   : Registering MessageChannel errorChannel
2021-11-09 14:29:28.515  INFO 2348 --- [main] o.s.i.monitor.IntegrationMBeanExporter   : Registering MessageHandler errorLogger
2021-11-09 14:29:28.537  INFO 2348 --- [main] o.s.i.endpoint.EventDrivenConsumer       : Adding {logging-channel-adapter:_org.springframework.integration.errorLogger} as a subscriber to the 'errorChannel' channel
2021-11-09 14:29:28.537  INFO 2348 --- [main] o.s.i.channel.PublishSubscribeChannel    : Channel 'glcxw-cloud-base-1.errorChannel' has 1 subscriber(s).
2021-11-09 14:29:28.537  INFO 2348 --- [main] o.s.i.endpoint.EventDrivenConsumer       : started bean '_org.springframework.integration.errorLogger'
2021-11-09 14:29:30.146  WARN 2348 --- [main] c.a.c.n.c.NacosPropertySourceBuilder     : Ignore the empty nacos configuration and get it based on dataId[platform-cloud-base] & group[DEFAULT_GROUP]
2021-11-09 14:29:30.180  WARN 2348 --- [main] c.a.c.n.c.NacosPropertySourceBuilder     : Ignore the empty nacos configuration and get it based on dataId[platform-cloud-base.yml] & group[DEFAULT_GROUP]
2021-11-09 14:29:30.210  WARN 2348 --- [main] c.a.c.n.c.NacosPropertySourceBuilder     : Ignore the empty nacos configuration and get it based on dataId[platform-cloud-base-dev.yml] & group[DEFAULT_GROUP]
2021-11-09 14:29:30.211  INFO 2348 --- [main] b.c.PropertySourceBootstrapConfiguration : Located property source: [BootstrapPropertySource {name='bootstrapProperties-platform-cloud-base-dev.yml,DEFAULT_GROUP'}, BootstrapPropertySource {name='bootstrapProperties-platform-cloud-base.yml,DEFAULT_GROUP'}, BootstrapPropertySource {name='bootstrapProperties-platform-cloud-base,DEFAULT_GROUP'}, BootstrapPropertySource {name='bootstrapProperties-application.yml,DEFAULT_GROUP'}]
2021-11-09 14:34:49.828  INFO 20832 --- [main] com.glcxw.base.BaseApplication           : The following profiles are active: dev
2021-11-09 14:34:50.378  INFO 20832 --- [main] .s.d.r.c.RepositoryConfigurationDelegate : Multiple Spring Data modules found, entering strict repository configuration mode!
2021-11-09 14:34:50.379  INFO 20832 --- [main] .s.d.r.c.RepositoryConfigurationDelegate : Bootstrapping Spring Data Redis repositories in DEFAULT mode.
2021-11-09 14:34:50.397  INFO 20832 --- [main] .s.d.r.c.RepositoryConfigurationDelegate : Finished Spring Data repository scanning in 8ms. Found 0 Redis repository interfaces.
2021-11-09 14:34:50.606  INFO 20832 --- [main] o.s.cloud.context.scope.GenericScope     : BeanFactory id=192e31b1-4d75-350a-86a7-89f96feb09c7
2021-11-09 14:34:50.644  INFO 20832 --- [main] faultConfiguringBeanFactoryPostProcessor : No bean named 'errorChannel' has been explicitly defined. Therefore, a default PublishSubscribeChannel will be created.
2021-11-09 14:34:50.649  INFO 20832 --- [main] faultConfiguringBeanFactoryPostProcessor : No bean named 'taskScheduler' has been explicitly defined. Therefore, a default ThreadPoolTaskScheduler will be created.
2021-11-09 14:34:50.652  INFO 20832 --- [main] faultConfiguringBeanFactoryPostProcessor : No bean named 'integrationHeaderChannelRegistry' has been explicitly defined. Therefore, a default DefaultHeaderChannelRegistry will be created.
2021-11-09 14:34:50.681  INFO 20832 --- [main] trationDelegate$BeanPostProcessorChecker : Bean 'com.glcxw.avatar.pay.PayFeign' of type [org.springframework.cloud.openfeign.FeignClientFactoryBean] is not eligible for getting processed by all BeanPostProcessors (for example: not eligible for auto-proxying)
2021-11-09 14:34:50.794  INFO 20832 --- [main] trationDelegate$BeanPostProcessorChecker : Bean 'integrationChannelResolver' of type [org.springframework.integration.support.channel.BeanFactoryChannelResolver] is not eligible for getting processed by all BeanPostProcessors (for example: not eligible for auto-proxying)
2021-11-09 14:34:50.796  INFO 20832 --- [main] trationDelegate$BeanPostProcessorChecker : Bean 'integrationDisposableAutoCreatedBeans' of type [org.springframework.integration.config.annotation.Disposables] is not eligible for getting processed by all BeanPostProcessors (for example: not eligible for auto-proxying)
2021-11-09 14:34:50.808  INFO 20832 --- [main] trationDelegate$BeanPostProcessorChecker : Bean 'org.springframework.integration.config.IntegrationManagementConfiguration' of type [org.springframework.integration.config.IntegrationManagementConfiguration] is not eligible for getting processed by all BeanPostProcessors (for example: not eligible for auto-proxying)
2021-11-09 14:34:50.810  INFO 20832 --- [main] trationDelegate$BeanPostProcessorChecker : Bean 'org.springframework.boot.autoconfigure.integration.IntegrationAutoConfiguration$IntegrationJmxConfiguration' of type [org.springframework.boot.autoconfigure.integration.IntegrationAutoConfiguration$IntegrationJmxConfiguration] is not eligible for getting processed by all BeanPostProcessors (for example: not eligible for auto-proxying)
2021-11-09 14:34:50.816  INFO 20832 --- [main] trationDelegate$BeanPostProcessorChecker : Bean 'org.springframework.boot.autoconfigure.jmx.JmxAutoConfiguration' of type [org.springframework.boot.autoconfigure.jmx.JmxAutoConfiguration] is not eligible for getting processed by all BeanPostProcessors (for example: not eligible for auto-proxying)
2021-11-09 14:34:50.820  INFO 20832 --- [main] trationDelegate$BeanPostProcessorChecker : Bean 'mbeanServer' of type [com.sun.jmx.mbeanserver.JmxMBeanServer] is not eligible for getting processed by all BeanPostProcessors (for example: not eligible for auto-proxying)
2021-11-09 14:34:51.036  INFO 20832 --- [main] o.s.b.w.embedded.tomcat.TomcatWebServer  : Tomcat initialized with port(s): 8001 (http)
2021-11-09 14:34:51.156  INFO 20832 --- [main] o.s.web.context.ContextLoader            : Root WebApplicationContext: initialization completed in 1312 ms
2021-11-09 14:34:51.496  INFO 20832 --- [main] com.zaxxer.hikari.HikariDataSource       : MyHikariCP - Starting...
2021-11-09 14:34:51.873  INFO 20832 --- [main] com.zaxxer.hikari.HikariDataSource       : MyHikariCP - Start completed.
2021-11-09 14:34:52.536  INFO 20832 --- [main] c.n.c.sources.URLConfigurationSource     : URLs to be used as dynamic configuration source: [file:/E:/zhongruan/doc/%e6%a1%82%e6%9e%97%e5%87%ba%e8%a1%8c/PJ-202124-GLCXW/02_%e4%bb%a3%e7%a0%81%e5%8c%ba/cloud/glcxw-cloud/platform-cloud-service-base/target/classes/config.properties]
2021-11-09 14:34:52.542  INFO 20832 --- [main] c.n.c.sources.URLConfigurationSource     : URLs to be used as dynamic configuration source: [file:/E:/zhongruan/doc/%e6%a1%82%e6%9e%97%e5%87%ba%e8%a1%8c/PJ-202124-GLCXW/02_%e4%bb%a3%e7%a0%81%e5%8c%ba/cloud/glcxw-cloud/platform-cloud-service-base/target/classes/config.properties]
2021-11-09 14:34:52.625  INFO 20832 --- [main] o.s.s.concurrent.ThreadPoolTaskExecutor  : Initializing ExecutorService 'applicationTaskExecutor'
2021-11-09 14:34:54.199  INFO 20832 --- [main] o.s.cloud.commons.util.InetUtils         : Cannot determine local hostname
2021-11-09 14:34:54.218  INFO 20832 --- [main] o.s.s.c.ThreadPoolTaskScheduler          : Initializing ExecutorService 'taskScheduler'
2021-11-09 14:34:55.915  INFO 20832 --- [main] o.s.cloud.commons.util.InetUtils         : Cannot determine local hostname
2021-11-09 14:34:55.951  INFO 20832 --- [main] onConfiguration$FunctionBindingRegistrar : Functional binding is disabled due to the presense of @EnableBinding annotation in your configuration
2021-11-09 14:34:56.143  INFO 20832 --- [main] o.s.i.monitor.IntegrationMBeanExporter   : Registering MessageChannel myOutput
2021-11-09 14:34:56.202  INFO 20832 --- [main] o.s.i.monitor.IntegrationMBeanExporter   : Registering MessageChannel errorChannel
2021-11-09 14:34:56.236  INFO 20832 --- [main] o.s.i.monitor.IntegrationMBeanExporter   : Registering MessageChannel myInput
2021-11-09 14:34:56.241  INFO 20832 --- [main] o.s.i.monitor.IntegrationMBeanExporter   : Registering MessageChannel nullChannel
2021-11-09 14:34:56.253  INFO 20832 --- [main] o.s.i.monitor.IntegrationMBeanExporter   : Registering MessageHandler errorLogger
2021-11-09 14:34:56.275  INFO 20832 --- [main] o.s.i.endpoint.EventDrivenConsumer       : Adding {logging-channel-adapter:_org.springframework.integration.errorLogger} as a subscriber to the 'errorChannel' channel
2021-11-09 14:34:56.275  INFO 20832 --- [main] o.s.i.channel.PublishSubscribeChannel    : Channel 'glcxw-cloud-base-1.errorChannel' has 1 subscriber(s).
2021-11-09 14:34:56.275  INFO 20832 --- [main] o.s.i.endpoint.EventDrivenConsumer       : started bean '_org.springframework.integration.errorLogger'
2021-11-09 14:34:57.867  WARN 20832 --- [main] c.a.c.n.c.NacosPropertySourceBuilder     : Ignore the empty nacos configuration and get it based on dataId[platform-cloud-base] & group[DEFAULT_GROUP]
2021-11-09 14:34:57.896  WARN 20832 --- [main] c.a.c.n.c.NacosPropertySourceBuilder     : Ignore the empty nacos configuration and get it based on dataId[platform-cloud-base.yml] & group[DEFAULT_GROUP]
2021-11-09 14:34:57.924  WARN 20832 --- [main] c.a.c.n.c.NacosPropertySourceBuilder     : Ignore the empty nacos configuration and get it based on dataId[platform-cloud-base-dev.yml] & group[DEFAULT_GROUP]
2021-11-09 14:34:57.924  INFO 20832 --- [main] b.c.PropertySourceBootstrapConfiguration : Located property source: [BootstrapPropertySource {name='bootstrapProperties-platform-cloud-base-dev.yml,DEFAULT_GROUP'}, BootstrapPropertySource {name='bootstrapProperties-platform-cloud-base.yml,DEFAULT_GROUP'}, BootstrapPropertySource {name='bootstrapProperties-platform-cloud-base,DEFAULT_GROUP'}, BootstrapPropertySource {name='bootstrapProperties-application.yml,DEFAULT_GROUP'}]
2021-11-09 14:39:19.654  INFO 21680 --- [main] com.glcxw.base.BaseApplication           : The following profiles are active: dev
2021-11-09 14:39:20.236  INFO 21680 --- [main] .s.d.r.c.RepositoryConfigurationDelegate : Multiple Spring Data modules found, entering strict repository configuration mode!
2021-11-09 14:39:20.238  INFO 21680 --- [main] .s.d.r.c.RepositoryConfigurationDelegate : Bootstrapping Spring Data Redis repositories in DEFAULT mode.
2021-11-09 14:39:20.256  INFO 21680 --- [main] .s.d.r.c.RepositoryConfigurationDelegate : Finished Spring Data repository scanning in 9ms. Found 0 Redis repository interfaces.
2021-11-09 14:39:20.469  INFO 21680 --- [main] o.s.cloud.context.scope.GenericScope     : BeanFactory id=192e31b1-4d75-350a-86a7-89f96feb09c7
2021-11-09 14:39:20.508  INFO 21680 --- [main] faultConfiguringBeanFactoryPostProcessor : No bean named 'errorChannel' has been explicitly defined. Therefore, a default PublishSubscribeChannel will be created.
2021-11-09 14:39:20.513  INFO 21680 --- [main] faultConfiguringBeanFactoryPostProcessor : No bean named 'taskScheduler' has been explicitly defined. Therefore, a default ThreadPoolTaskScheduler will be created.
2021-11-09 14:39:20.516  INFO 21680 --- [main] faultConfiguringBeanFactoryPostProcessor : No bean named 'integrationHeaderChannelRegistry' has been explicitly defined. Therefore, a default DefaultHeaderChannelRegistry will be created.
2021-11-09 14:39:20.553  INFO 21680 --- [main] trationDelegate$BeanPostProcessorChecker : Bean 'com.glcxw.avatar.pay.PayFeign' of type [org.springframework.cloud.openfeign.FeignClientFactoryBean] is not eligible for getting processed by all BeanPostProcessors (for example: not eligible for auto-proxying)
2021-11-09 14:39:20.677  INFO 21680 --- [main] trationDelegate$BeanPostProcessorChecker : Bean 'integrationChannelResolver' of type [org.springframework.integration.support.channel.BeanFactoryChannelResolver] is not eligible for getting processed by all BeanPostProcessors (for example: not eligible for auto-proxying)
2021-11-09 14:39:20.679  INFO 21680 --- [main] trationDelegate$BeanPostProcessorChecker : Bean 'integrationDisposableAutoCreatedBeans' of type [org.springframework.integration.config.annotation.Disposables] is not eligible for getting processed by all BeanPostProcessors (for example: not eligible for auto-proxying)
2021-11-09 14:39:20.694  INFO 21680 --- [main] trationDelegate$BeanPostProcessorChecker : Bean 'org.springframework.integration.config.IntegrationManagementConfiguration' of type [org.springframework.integration.config.IntegrationManagementConfiguration] is not eligible for getting processed by all BeanPostProcessors (for example: not eligible for auto-proxying)
2021-11-09 14:39:20.696  INFO 21680 --- [main] trationDelegate$BeanPostProcessorChecker : Bean 'org.springframework.boot.autoconfigure.integration.IntegrationAutoConfiguration$IntegrationJmxConfiguration' of type [org.springframework.boot.autoconfigure.integration.IntegrationAutoConfiguration$IntegrationJmxConfiguration] is not eligible for getting processed by all BeanPostProcessors (for example: not eligible for auto-proxying)
2021-11-09 14:39:20.702  INFO 21680 --- [main] trationDelegate$BeanPostProcessorChecker : Bean 'org.springframework.boot.autoconfigure.jmx.JmxAutoConfiguration' of type [org.springframework.boot.autoconfigure.jmx.JmxAutoConfiguration] is not eligible for getting processed by all BeanPostProcessors (for example: not eligible for auto-proxying)
2021-11-09 14:39:20.706  INFO 21680 --- [main] trationDelegate$BeanPostProcessorChecker : Bean 'mbeanServer' of type [com.sun.jmx.mbeanserver.JmxMBeanServer] is not eligible for getting processed by all BeanPostProcessors (for example: not eligible for auto-proxying)
2021-11-09 14:39:20.910  INFO 21680 --- [main] o.s.b.w.embedded.tomcat.TomcatWebServer  : Tomcat initialized with port(s): 8001 (http)
2021-11-09 14:39:21.028  INFO 21680 --- [main] o.s.web.context.ContextLoader            : Root WebApplicationContext: initialization completed in 1356 ms
2021-11-09 14:39:21.364  INFO 21680 --- [main] com.zaxxer.hikari.HikariDataSource       : MyHikariCP - Starting...
2021-11-09 14:39:21.864  INFO 21680 --- [main] com.zaxxer.hikari.HikariDataSource       : MyHikariCP - Start completed.
2021-11-09 14:39:22.550  INFO 21680 --- [main] c.n.c.sources.URLConfigurationSource     : URLs to be used as dynamic configuration source: [file:/E:/zhongruan/doc/%e6%a1%82%e6%9e%97%e5%87%ba%e8%a1%8c/PJ-202124-GLCXW/02_%e4%bb%a3%e7%a0%81%e5%8c%ba/cloud/glcxw-cloud/platform-cloud-service-base/target/classes/config.properties]
2021-11-09 14:39:22.557  INFO 21680 --- [main] c.n.c.sources.URLConfigurationSource     : URLs to be used as dynamic configuration source: [file:/E:/zhongruan/doc/%e6%a1%82%e6%9e%97%e5%87%ba%e8%a1%8c/PJ-202124-GLCXW/02_%e4%bb%a3%e7%a0%81%e5%8c%ba/cloud/glcxw-cloud/platform-cloud-service-base/target/classes/config.properties]
2021-11-09 14:39:22.641  INFO 21680 --- [main] o.s.s.concurrent.ThreadPoolTaskExecutor  : Initializing ExecutorService 'applicationTaskExecutor'
2021-11-09 14:39:24.242  INFO 21680 --- [main] o.s.cloud.commons.util.InetUtils         : Cannot determine local hostname
2021-11-09 14:39:24.278  INFO 21680 --- [main] o.s.s.c.ThreadPoolTaskScheduler          : Initializing ExecutorService 'taskScheduler'
2021-11-09 14:39:25.999  INFO 21680 --- [main] o.s.cloud.commons.util.InetUtils         : Cannot determine local hostname
2021-11-09 14:39:26.037  INFO 21680 --- [main] onConfiguration$FunctionBindingRegistrar : Functional binding is disabled due to the presense of @EnableBinding annotation in your configuration
2021-11-09 14:39:26.217  INFO 21680 --- [main] o.s.i.monitor.IntegrationMBeanExporter   : Registering MessageChannel myInput
2021-11-09 14:39:26.276  INFO 21680 --- [main] o.s.i.monitor.IntegrationMBeanExporter   : Registering MessageChannel nullChannel
2021-11-09 14:39:26.285  INFO 21680 --- [main] o.s.i.monitor.IntegrationMBeanExporter   : Registering MessageChannel myOutput
2021-11-09 14:39:26.291  INFO 21680 --- [main] o.s.i.monitor.IntegrationMBeanExporter   : Registering MessageChannel errorChannel
2021-11-09 14:39:26.321  INFO 21680 --- [main] o.s.i.monitor.IntegrationMBeanExporter   : Registering MessageHandler errorLogger
2021-11-09 14:39:26.343  INFO 21680 --- [main] o.s.i.endpoint.EventDrivenConsumer       : Adding {logging-channel-adapter:_org.springframework.integration.errorLogger} as a subscriber to the 'errorChannel' channel
2021-11-09 14:39:26.343  INFO 21680 --- [main] o.s.i.channel.PublishSubscribeChannel    : Channel 'glcxw-cloud-base-1.errorChannel' has 1 subscriber(s).
2021-11-09 14:39:26.343  INFO 21680 --- [main] o.s.i.endpoint.EventDrivenConsumer       : started bean '_org.springframework.integration.errorLogger'
2021-11-09 14:39:27.980  WARN 21680 --- [main] c.a.c.n.c.NacosPropertySourceBuilder     : Ignore the empty nacos configuration and get it based on dataId[platform-cloud-base] & group[DEFAULT_GROUP]
2021-11-09 14:39:28.007  WARN 21680 --- [main] c.a.c.n.c.NacosPropertySourceBuilder     : Ignore the empty nacos configuration and get it based on dataId[platform-cloud-base.yml] & group[DEFAULT_GROUP]
2021-11-09 14:39:28.034  WARN 21680 --- [main] c.a.c.n.c.NacosPropertySourceBuilder     : Ignore the empty nacos configuration and get it based on dataId[platform-cloud-base-dev.yml] & group[DEFAULT_GROUP]
2021-11-09 14:39:28.034  INFO 21680 --- [main] b.c.PropertySourceBootstrapConfiguration : Located property source: [BootstrapPropertySource {name='bootstrapProperties-platform-cloud-base-dev.yml,DEFAULT_GROUP'}, BootstrapPropertySource {name='bootstrapProperties-platform-cloud-base.yml,DEFAULT_GROUP'}, BootstrapPropertySource {name='bootstrapProperties-platform-cloud-base,DEFAULT_GROUP'}, BootstrapPropertySource {name='bootstrapProperties-application.yml,DEFAULT_GROUP'}]
2021-11-09 14:47:59.806  INFO 20300 --- [main] com.glcxw.base.BaseApplication           : The following profiles are active: dev
2021-11-09 14:48:00.368  INFO 20300 --- [main] .s.d.r.c.RepositoryConfigurationDelegate : Multiple Spring Data modules found, entering strict repository configuration mode!
2021-11-09 14:48:00.370  INFO 20300 --- [main] .s.d.r.c.RepositoryConfigurationDelegate : Bootstrapping Spring Data Redis repositories in DEFAULT mode.
2021-11-09 14:48:00.388  INFO 20300 --- [main] .s.d.r.c.RepositoryConfigurationDelegate : Finished Spring Data repository scanning in 9ms. Found 0 Redis repository interfaces.
2021-11-09 14:48:00.618  INFO 20300 --- [main] o.s.cloud.context.scope.GenericScope     : BeanFactory id=192e31b1-4d75-350a-86a7-89f96feb09c7
2021-11-09 14:48:00.657  INFO 20300 --- [main] faultConfiguringBeanFactoryPostProcessor : No bean named 'errorChannel' has been explicitly defined. Therefore, a default PublishSubscribeChannel will be created.
2021-11-09 14:48:00.662  INFO 20300 --- [main] faultConfiguringBeanFactoryPostProcessor : No bean named 'taskScheduler' has been explicitly defined. Therefore, a default ThreadPoolTaskScheduler will be created.
2021-11-09 14:48:00.664  INFO 20300 --- [main] faultConfiguringBeanFactoryPostProcessor : No bean named 'integrationHeaderChannelRegistry' has been explicitly defined. Therefore, a default DefaultHeaderChannelRegistry will be created.
2021-11-09 14:48:00.695  INFO 20300 --- [main] trationDelegate$BeanPostProcessorChecker : Bean 'com.glcxw.avatar.pay.PayFeign' of type [org.springframework.cloud.openfeign.FeignClientFactoryBean] is not eligible for getting processed by all BeanPostProcessors (for example: not eligible for auto-proxying)
2021-11-09 14:48:00.841  INFO 20300 --- [main] trationDelegate$BeanPostProcessorChecker : Bean 'integrationChannelResolver' of type [org.springframework.integration.support.channel.BeanFactoryChannelResolver] is not eligible for getting processed by all BeanPostProcessors (for example: not eligible for auto-proxying)
2021-11-09 14:48:00.843  INFO 20300 --- [main] trationDelegate$BeanPostProcessorChecker : Bean 'integrationDisposableAutoCreatedBeans' of type [org.springframework.integration.config.annotation.Disposables] is not eligible for getting processed by all BeanPostProcessors (for example: not eligible for auto-proxying)
2021-11-09 14:48:00.860  INFO 20300 --- [main] trationDelegate$BeanPostProcessorChecker : Bean 'org.springframework.integration.config.IntegrationManagementConfiguration' of type [org.springframework.integration.config.IntegrationManagementConfiguration] is not eligible for getting processed by all BeanPostProcessors (for example: not eligible for auto-proxying)
2021-11-09 14:48:00.863  INFO 20300 --- [main] trationDelegate$BeanPostProcessorChecker : Bean 'org.springframework.boot.autoconfigure.integration.IntegrationAutoConfiguration$IntegrationJmxConfiguration' of type [org.springframework.boot.autoconfigure.integration.IntegrationAutoConfiguration$IntegrationJmxConfiguration] is not eligible for getting processed by all BeanPostProcessors (for example: not eligible for auto-proxying)
2021-11-09 14:48:00.871  INFO 20300 --- [main] trationDelegate$BeanPostProcessorChecker : Bean 'org.springframework.boot.autoconfigure.jmx.JmxAutoConfiguration' of type [org.springframework.boot.autoconfigure.jmx.JmxAutoConfiguration] is not eligible for getting processed by all BeanPostProcessors (for example: not eligible for auto-proxying)
2021-11-09 14:48:00.874  INFO 20300 --- [main] trationDelegate$BeanPostProcessorChecker : Bean 'mbeanServer' of type [com.sun.jmx.mbeanserver.JmxMBeanServer] is not eligible for getting processed by all BeanPostProcessors (for example: not eligible for auto-proxying)
2021-11-09 14:48:01.103  INFO 20300 --- [main] o.s.b.w.embedded.tomcat.TomcatWebServer  : Tomcat initialized with port(s): 8001 (http)
2021-11-09 14:48:01.225  INFO 20300 --- [main] o.s.web.context.ContextLoader            : Root WebApplicationContext: initialization completed in 1404 ms
2021-11-09 14:48:01.603  INFO 20300 --- [main] com.zaxxer.hikari.HikariDataSource       : MyHikariCP - Starting...
2021-11-09 14:48:01.968  INFO 20300 --- [main] com.zaxxer.hikari.HikariDataSource       : MyHikariCP - Start completed.
2021-11-09 14:48:02.617  INFO 20300 --- [main] c.n.c.sources.URLConfigurationSource     : URLs to be used as dynamic configuration source: [file:/E:/zhongruan/doc/%e6%a1%82%e6%9e%97%e5%87%ba%e8%a1%8c/PJ-202124-GLCXW/02_%e4%bb%a3%e7%a0%81%e5%8c%ba/cloud/glcxw-cloud/platform-cloud-service-base/target/classes/config.properties]
2021-11-09 14:48:02.623  INFO 20300 --- [main] c.n.c.sources.URLConfigurationSource     : URLs to be used as dynamic configuration source: [file:/E:/zhongruan/doc/%e6%a1%82%e6%9e%97%e5%87%ba%e8%a1%8c/PJ-202124-GLCXW/02_%e4%bb%a3%e7%a0%81%e5%8c%ba/cloud/glcxw-cloud/platform-cloud-service-base/target/classes/config.properties]
2021-11-09 14:48:02.716  INFO 20300 --- [main] o.s.s.concurrent.ThreadPoolTaskExecutor  : Initializing ExecutorService 'applicationTaskExecutor'
2021-11-09 14:48:04.313  INFO 20300 --- [main] o.s.cloud.commons.util.InetUtils         : Cannot determine local hostname
2021-11-09 14:48:04.334  INFO 20300 --- [main] o.s.s.c.ThreadPoolTaskScheduler          : Initializing ExecutorService 'taskScheduler'
2021-11-09 14:48:06.030  INFO 20300 --- [main] o.s.cloud.commons.util.InetUtils         : Cannot determine local hostname
2021-11-09 14:48:06.068  INFO 20300 --- [main] onConfiguration$FunctionBindingRegistrar : Functional binding is disabled due to the presense of @EnableBinding annotation in your configuration
2021-11-09 14:48:06.240  INFO 20300 --- [main] o.s.i.monitor.IntegrationMBeanExporter   : Registering MessageChannel myOutput
2021-11-09 14:48:06.297  INFO 20300 --- [main] o.s.i.monitor.IntegrationMBeanExporter   : Registering MessageChannel myInput
2021-11-09 14:48:06.302  INFO 20300 --- [main] o.s.i.monitor.IntegrationMBeanExporter   : Registering MessageChannel errorChannel
2021-11-09 14:48:06.332  INFO 20300 --- [main] o.s.i.monitor.IntegrationMBeanExporter   : Registering MessageChannel nullChannel
2021-11-09 14:48:06.344  INFO 20300 --- [main] o.s.i.monitor.IntegrationMBeanExporter   : Registering MessageHandler errorLogger
2021-11-09 14:48:06.366  INFO 20300 --- [main] o.s.i.endpoint.EventDrivenConsumer       : Adding {logging-channel-adapter:_org.springframework.integration.errorLogger} as a subscriber to the 'errorChannel' channel
2021-11-09 14:48:06.367  INFO 20300 --- [main] o.s.i.channel.PublishSubscribeChannel    : Channel 'glcxw-cloud-base-1.errorChannel' has 1 subscriber(s).
2021-11-09 14:48:06.367  INFO 20300 --- [main] o.s.i.endpoint.EventDrivenConsumer       : started bean '_org.springframework.integration.errorLogger'
2021-11-09 14:48:07.955  WARN 20300 --- [main] c.a.c.n.c.NacosPropertySourceBuilder     : Ignore the empty nacos configuration and get it based on dataId[platform-cloud-base] & group[DEFAULT_GROUP]
2021-11-09 14:48:07.985  WARN 20300 --- [main] c.a.c.n.c.NacosPropertySourceBuilder     : Ignore the empty nacos configuration and get it based on dataId[platform-cloud-base.yml] & group[DEFAULT_GROUP]
2021-11-09 14:48:08.015  WARN 20300 --- [main] c.a.c.n.c.NacosPropertySourceBuilder     : Ignore the empty nacos configuration and get it based on dataId[platform-cloud-base-dev.yml] & group[DEFAULT_GROUP]
2021-11-09 14:48:08.015  INFO 20300 --- [main] b.c.PropertySourceBootstrapConfiguration : Located property source: [BootstrapPropertySource {name='bootstrapProperties-platform-cloud-base-dev.yml,DEFAULT_GROUP'}, BootstrapPropertySource {name='bootstrapProperties-platform-cloud-base.yml,DEFAULT_GROUP'}, BootstrapPropertySource {name='bootstrapProperties-platform-cloud-base,DEFAULT_GROUP'}, BootstrapPropertySource {name='bootstrapProperties-application.yml,DEFAULT_GROUP'}]
