2021-11-09 14:28:49.240  WARN 23348 --- [main] c.a.c.n.c.NacosPropertySourceBuilder     : Ignore the empty nacos configuration and get it based on dataId[glcxw-cloud-pay] & group[DEFAULT_GROUP]
2021-11-09 14:28:49.309  WARN 23348 --- [main] c.a.c.n.c.NacosPropertySourceBuilder     : Ignore the empty nacos configuration and get it based on dataId[glcxw-cloud-pay-dev.yml] & group[DEFAULT_GROUP]
2021-11-09 14:28:49.310  INFO 23348 --- [main] b.c.PropertySourceBootstrapConfiguration : Located property source: [BootstrapPropertySource {name='bootstrapProperties-glcxw-cloud-pay-dev.yml,DEFAULT_GROUP'}, BootstrapPropertySource {name='bootstrapProperties-glcxw-cloud-pay.yml,DEFAULT_GROUP'}, BootstrapPropertySource {name='bootstrapProperties-glcxw-cloud-pay,DEFAULT_GROUP'}, BootstrapPropertySource {name='bootstrapProperties-application.yml,DEFAULT_GROUP'}]
2021-11-09 14:28:57.849  INFO 23348 --- [main] o.s.a.r.c.CachingConnectionFactory       : Attempting to connect to: [59.110.159.219:5672]
2021-11-09 14:28:58.022  INFO 23348 --- [main] o.s.a.r.c.CachingConnectionFactory       : Created new connection: rabbitConnectionFactory#733f1395:0/SimpleConnection@145a821d [delegate=amqp://yadea@59.110.159.219:5672/, localPort= 53967]
2021-11-09 14:28:58.105  INFO 23348 --- [main] o.s.c.s.m.DirectWithAttributesChannel    : Channel 'glcxw-cloud-pay-1.myOutput' has 1 subscriber(s).
2021-11-09 14:28:58.122  INFO 23348 --- [main] c.s.b.r.p.RabbitExchangeQueueProvisioner : declaring queue for inbound: topic_test1.stream, bound to: topic_test1
2021-11-09 14:28:58.233  INFO 23348 --- [main] o.s.c.stream.binder.BinderErrorChannel   : Channel 'topic_test1.stream.errors' has 1 subscriber(s).
2021-11-09 14:28:58.234  INFO 23348 --- [main] o.s.c.stream.binder.BinderErrorChannel   : Channel 'topic_test1.stream.errors' has 2 subscriber(s).
2021-11-09 14:28:58.352  INFO 23348 --- [main] o.s.i.a.i.AmqpInboundChannelAdapter      : started bean 'inbound.topic_test1.stream'
2021-11-09 14:28:58.387  INFO 23348 --- [main] o.s.b.w.embedded.tomcat.TomcatWebServer  : Tomcat started on port(s): 8004 (http) with context path ''
2021-11-09 14:28:58.476  INFO 23348 --- [main] c.a.c.n.registry.NacosServiceRegistry    : nacos registry, DEFAULT_GROUP platform-cloud-service-payment 172.18.20.153:8004 register finished
2021-11-09 14:28:59.967  INFO 23348 --- [main] o.s.cloud.commons.util.InetUtils         : Cannot determine local hostname
2021-11-09 14:28:59.970  INFO 23348 --- [main] com.glcxw.avatar.PayApplication          : Started PayApplication in 15.458 seconds (JVM running for 16.551)
2021-11-09 14:28:59.971  INFO 23348 --- [main] com.glcxw.avatar.PayApplication          : pay service start success
2021-11-09 14:29:58.278  INFO 23348 --- [topic_test1.stream-1] com.glcxw.avatar.listener.TestListener   : StreamReceiver: {"headUrl":"11","name":"11","number":"33","phone":"11","username":"11"}
2021-11-09 14:40:20.952  WARN 24060 --- [main] c.a.c.n.c.NacosPropertySourceBuilder     : Ignore the empty nacos configuration and get it based on dataId[glcxw-cloud-pay] & group[DEFAULT_GROUP]
2021-11-09 14:40:21.020  WARN 24060 --- [main] c.a.c.n.c.NacosPropertySourceBuilder     : Ignore the empty nacos configuration and get it based on dataId[glcxw-cloud-pay-dev.yml] & group[DEFAULT_GROUP]
2021-11-09 14:40:21.021  INFO 24060 --- [main] b.c.PropertySourceBootstrapConfiguration : Located property source: [BootstrapPropertySource {name='bootstrapProperties-glcxw-cloud-pay-dev.yml,DEFAULT_GROUP'}, BootstrapPropertySource {name='bootstrapProperties-glcxw-cloud-pay.yml,DEFAULT_GROUP'}, BootstrapPropertySource {name='bootstrapProperties-glcxw-cloud-pay,DEFAULT_GROUP'}, BootstrapPropertySource {name='bootstrapProperties-application.yml,DEFAULT_GROUP'}]
2021-11-09 14:40:29.264  INFO 24060 --- [main] o.s.a.r.c.CachingConnectionFactory       : Attempting to connect to: [59.110.159.219:5672]
2021-11-09 14:40:29.406  INFO 24060 --- [main] o.s.a.r.c.CachingConnectionFactory       : Created new connection: rabbitConnectionFactory#7282af25:0/SimpleConnection@733fae8 [delegate=amqp://yadea@59.110.159.219:5672/, localPort= 54568]
2021-11-09 14:40:29.498  INFO 24060 --- [main] o.s.c.s.m.DirectWithAttributesChannel    : Channel 'glcxw-cloud-pay-1.myOutput' has 1 subscriber(s).
2021-11-09 14:40:29.518  INFO 24060 --- [main] c.s.b.r.p.RabbitExchangeQueueProvisioner : declaring queue for inbound: topic_test1.stream, bound to: topic_test1
2021-11-09 14:40:29.617  INFO 24060 --- [main] o.s.c.stream.binder.BinderErrorChannel   : Channel 'topic_test1.stream.errors' has 1 subscriber(s).
2021-11-09 14:40:29.618  INFO 24060 --- [main] o.s.c.stream.binder.BinderErrorChannel   : Channel 'topic_test1.stream.errors' has 2 subscriber(s).
2021-11-09 14:40:29.721  INFO 24060 --- [main] o.s.i.a.i.AmqpInboundChannelAdapter      : started bean 'inbound.topic_test1.stream'
2021-11-09 14:40:29.751  INFO 24060 --- [main] o.s.b.w.embedded.tomcat.TomcatWebServer  : Tomcat started on port(s): 8004 (http) with context path ''
2021-11-09 14:40:29.840  INFO 24060 --- [main] c.a.c.n.registry.NacosServiceRegistry    : nacos registry, DEFAULT_GROUP platform-cloud-service-payment 172.18.20.153:8004 register finished
2021-11-09 14:40:31.337  INFO 24060 --- [main] o.s.cloud.commons.util.InetUtils         : Cannot determine local hostname
2021-11-09 14:40:31.341  INFO 24060 --- [main] com.glcxw.avatar.PayApplication          : Started PayApplication in 14.561 seconds (JVM running for 15.547)
2021-11-09 14:40:31.342  INFO 24060 --- [main] com.glcxw.avatar.PayApplication          : pay service start success
2021-11-09 14:41:17.950  INFO 24060 --- [topic_test1.stream-1] com.glcxw.avatar.listener.TestListener   : StreamReceiver: {"headUrl":"11","name":"11","number":"33","phone":"11","username":"11"}
2021-11-09 14:47:39.150  WARN 6720 --- [main] c.a.c.n.c.NacosPropertySourceBuilder     : Ignore the empty nacos configuration and get it based on dataId[glcxw-cloud-pay] & group[DEFAULT_GROUP]
2021-11-09 14:47:39.222  WARN 6720 --- [main] c.a.c.n.c.NacosPropertySourceBuilder     : Ignore the empty nacos configuration and get it based on dataId[glcxw-cloud-pay-dev.yml] & group[DEFAULT_GROUP]
2021-11-09 14:47:39.223  INFO 6720 --- [main] b.c.PropertySourceBootstrapConfiguration : Located property source: [BootstrapPropertySource {name='bootstrapProperties-glcxw-cloud-pay-dev.yml,DEFAULT_GROUP'}, BootstrapPropertySource {name='bootstrapProperties-glcxw-cloud-pay.yml,DEFAULT_GROUP'}, BootstrapPropertySource {name='bootstrapProperties-glcxw-cloud-pay,DEFAULT_GROUP'}, BootstrapPropertySource {name='bootstrapProperties-application.yml,DEFAULT_GROUP'}]
2021-11-09 14:47:47.504  INFO 6720 --- [main] o.s.a.r.c.CachingConnectionFactory       : Attempting to connect to: [59.110.159.219:5672]
2021-11-09 14:47:47.644  INFO 6720 --- [main] o.s.a.r.c.CachingConnectionFactory       : Created new connection: rabbitConnectionFactory#22048bd6:0/SimpleConnection@71039ce1 [delegate=amqp://yadea@59.110.159.219:5672/, localPort= 54933]
2021-11-09 14:47:47.769  INFO 6720 --- [main] o.s.c.s.m.DirectWithAttributesChannel    : Channel 'glcxw-cloud-pay-1.myOutput' has 1 subscriber(s).
2021-11-09 14:47:47.792  INFO 6720 --- [main] c.s.b.r.p.RabbitExchangeQueueProvisioner : declaring queue for inbound: topic_test1.stream, bound to: topic_test1
2021-11-09 14:47:47.892  INFO 6720 --- [main] o.s.c.stream.binder.BinderErrorChannel   : Channel 'topic_test1.stream.errors' has 1 subscriber(s).
2021-11-09 14:47:47.892  INFO 6720 --- [main] o.s.c.stream.binder.BinderErrorChannel   : Channel 'topic_test1.stream.errors' has 2 subscriber(s).
2021-11-09 14:47:48.009  INFO 6720 --- [main] o.s.i.a.i.AmqpInboundChannelAdapter      : started bean 'inbound.topic_test1.stream'
2021-11-09 14:47:48.062  INFO 6720 --- [main] o.s.b.w.embedded.tomcat.TomcatWebServer  : Tomcat started on port(s): 8004 (http) with context path ''
2021-11-09 14:47:48.145  INFO 6720 --- [main] c.a.c.n.registry.NacosServiceRegistry    : nacos registry, DEFAULT_GROUP platform-cloud-service-payment 172.18.20.153:8004 register finished
2021-11-09 14:47:49.632  INFO 6720 --- [main] o.s.cloud.commons.util.InetUtils         : Cannot determine local hostname
2021-11-09 14:47:49.634  INFO 6720 --- [main] com.glcxw.avatar.PayApplication          : Started PayApplication in 14.654 seconds (JVM running for 15.704)
2021-11-09 14:47:49.635  INFO 6720 --- [main] com.glcxw.avatar.PayApplication          : pay service start success
2021-11-09 14:48:15.697  INFO 6720 --- [topic_test1.stream-1] com.glcxw.avatar.listener.TestListener   : StreamReceiver: {"headUrl":"11","name":"11","number":"33","phone":"11","username":"11"}
